2026-04-20 23:21:06,666 [INFO] --- 开始训练任务: 04-20-232106 ---
2026-04-20 23:21:06,666 [INFO] 使用设备: cuda
2026-04-20 23:21:06,666 [INFO] 结果输出目录: ./results/Temp_dataset-B_04-20-232106
2026-04-20 23:21:06,666 [INFO] 配置参数: Namespace(dataset='dataset-B', data_root='./datasets', lr=0.0001, epochs=20, batch_size=256, lambda_orth=0.0, num_workers=4, results_dir='./results')
2026-04-20 23:21:06,666 [INFO] 加载数据集: ./datasets/dataset-B
2026-04-20 23:21:06,870 [INFO] Parsing model identifier. Schema: None, Identifier: ViT-L-14
2026-04-20 23:21:06,870 [INFO] Loaded built-in ViT-L-14 model config.
2026-04-20 23:21:06,871 [INFO] `pretrained` specifies file path: ./pretrained_models/open_clip_pytorch_model.bin
2026-04-20 23:21:06,871 [INFO] Instantiating model architecture: CLIP
2026-04-20 23:21:11,782 [INFO] Loading full pretrained weights from: ./pretrained_models/open_clip_pytorch_model.bin
2026-04-20 23:21:17,647 [INFO] Final image preprocessing configuration set: {'size': (224, 224), 'mode': 'RGB', 'mean': (0.48145466, 0.4578275, 0.40821073), 'std': (0.26862954, 0.26130258, 0.27577711), 'interpolation': 'bicubic', 'resize_mode': 'shortest', 'fill_color': 0}
2026-04-20 23:21:17,647 [INFO] Model ViT-L-14 creation process complete.
2026-04-20 23:21:18,687 [INFO] 开始训练...
2026-04-20 23:21:18,688 [INFO] 
--- Epoch 1/20 (LR: 0.000100) ---
2026-04-20 23:35:26,611 [INFO] Train Loss -> Total: 0.0197, Focal: 0.0197, Orth: 0.0375
2026-04-20 23:37:11,511 [INFO] Val Loss: 0.0123 | FPS: 93.88
2026-04-20 23:37:11,511 [INFO] Val Metrics -> AUC: 0.9933, Acc: 0.9303, F1: 0.9268
2026-04-20 23:37:11,511 [INFO] 当前 Epoch 真实显存峰值占用: 6.97 GB
2026-04-20 23:37:13,780 [INFO] *** 发现新最佳模型 (AUC: 0.9933)，已保存 ***
2026-04-20 23:37:13,780 [INFO] 
--- Epoch 2/20 (LR: 0.000099) ---
2026-04-20 23:51:20,995 [INFO] Train Loss -> Total: 0.0049, Focal: 0.0049, Orth: 0.1553
2026-04-20 23:53:05,846 [INFO] Val Loss: 0.0054 | FPS: 93.91
2026-04-20 23:53:05,846 [INFO] Val Metrics -> AUC: 0.9969, Acc: 0.9705, F1: 0.9704
2026-04-20 23:53:05,846 [INFO] 当前 Epoch 真实显存峰值占用: 6.97 GB
2026-04-20 23:53:08,267 [INFO] *** 发现新最佳模型 (AUC: 0.9969)，已保存 ***
2026-04-20 23:53:08,267 [INFO] 
--- Epoch 3/20 (LR: 0.000098) ---
2026-04-21 00:07:16,174 [INFO] Train Loss -> Total: 0.0031, Focal: 0.0031, Orth: 0.2050
2026-04-21 00:09:01,048 [INFO] Val Loss: 0.0057 | FPS: 93.90
2026-04-21 00:09:01,048 [INFO] Val Metrics -> AUC: 0.9982, Acc: 0.9671, F1: 0.9684
2026-04-21 00:09:01,049 [INFO] 当前 Epoch 真实显存峰值占用: 6.97 GB
2026-04-21 00:09:03,477 [INFO] *** 发现新最佳模型 (AUC: 0.9982)，已保存 ***
2026-04-21 00:09:03,478 [INFO] 
--- Epoch 4/20 (LR: 0.000095) ---
2026-04-21 00:23:11,542 [INFO] Train Loss -> Total: 0.0024, Focal: 0.0024, Orth: 0.2315
2026-04-21 00:24:56,411 [INFO] Val Loss: 0.0069 | FPS: 93.90
2026-04-21 00:24:56,412 [INFO] Val Metrics -> AUC: 0.9989, Acc: 0.9624, F1: 0.9642
2026-04-21 00:24:56,412 [INFO] 当前 Epoch 真实显存峰值占用: 6.97 GB
2026-04-21 00:24:58,839 [INFO] *** 发现新最佳模型 (AUC: 0.9989)，已保存 ***
2026-04-21 00:24:58,839 [INFO] 
--- Epoch 5/20 (LR: 0.000091) ---
2026-04-21 00:39:05,778 [INFO] Train Loss -> Total: 0.0018, Focal: 0.0018, Orth: 0.2459
2026-04-21 00:40:50,547 [INFO] Val Loss: 0.0202 | FPS: 93.99
2026-04-21 00:40:50,547 [INFO] Val Metrics -> AUC: 0.9988, Acc: 0.8804, F1: 0.8947
2026-04-21 00:40:50,548 [INFO] 当前 Epoch 真实显存峰值占用: 6.97 GB
2026-04-21 00:40:50,548 [INFO] 验证集 AUC 未提升 (当前: 0.9988, 最佳: 0.9989). 已连续 1 轮未提升。
2026-04-21 00:40:50,548 [INFO] 
--- Epoch 6/20 (LR: 0.000086) ---
2026-04-21 00:54:58,687 [INFO] Train Loss -> Total: 0.0014, Focal: 0.0014, Orth: 0.2506
2026-04-21 00:56:43,581 [INFO] Val Loss: 0.0038 | FPS: 93.88
2026-04-21 00:56:43,581 [INFO] Val Metrics -> AUC: 0.9990, Acc: 0.9792, F1: 0.9798
2026-04-21 00:56:43,581 [INFO] 当前 Epoch 真实显存峰值占用: 6.97 GB
2026-04-21 00:56:45,951 [INFO] *** 发现新最佳模型 (AUC: 0.9990)，已保存 ***
2026-04-21 00:56:45,951 [INFO] 
--- Epoch 7/20 (LR: 0.000080) ---
2026-04-21 01:10:53,771 [INFO] Train Loss -> Total: 0.0010, Focal: 0.0010, Orth: 0.2592
2026-04-21 01:12:38,658 [INFO] Val Loss: 0.0042 | FPS: 93.88
2026-04-21 01:12:38,658 [INFO] Val Metrics -> AUC: 0.9983, Acc: 0.9783, F1: 0.9788
2026-04-21 01:12:38,659 [INFO] 当前 Epoch 真实显存峰值占用: 6.97 GB
2026-04-21 01:12:38,659 [INFO] 验证集 AUC 未提升 (当前: 0.9983, 最佳: 0.9990). 已连续 1 轮未提升。
2026-04-21 01:12:38,659 [INFO] 
--- Epoch 8/20 (LR: 0.000073) ---
2026-04-21 01:26:45,587 [INFO] Train Loss -> Total: 0.0008, Focal: 0.0008, Orth: 0.2597
2026-04-21 01:28:30,337 [INFO] Val Loss: 0.1084 | FPS: 94.00
2026-04-21 01:28:30,337 [INFO] Val Metrics -> AUC: 0.9963, Acc: 0.8313, F1: 0.8008
2026-04-21 01:28:30,338 [INFO] 当前 Epoch 真实显存峰值占用: 6.97 GB
2026-04-21 01:28:30,338 [INFO] 验证集 AUC 未提升 (当前: 0.9963, 最佳: 0.9990). 已连续 2 轮未提升。
2026-04-21 01:28:30,338 [INFO] 
--- Epoch 9/20 (LR: 0.000066) ---
2026-04-21 01:42:38,036 [INFO] Train Loss -> Total: 0.0005, Focal: 0.0005, Orth: 0.2658
2026-04-21 01:44:22,762 [INFO] Val Loss: 0.0051 | FPS: 94.03
2026-04-21 01:44:22,762 [INFO] Val Metrics -> AUC: 0.9983, Acc: 0.9792, F1: 0.9792
2026-04-21 01:44:22,762 [INFO] 当前 Epoch 真实显存峰值占用: 6.97 GB
2026-04-21 01:44:22,762 [INFO] 验证集 AUC 未提升 (当前: 0.9983, 最佳: 0.9990). 已连续 3 轮未提升。
2026-04-21 01:44:22,762 [INFO] 
--- Epoch 10/20 (LR: 0.000058) ---
2026-04-21 01:58:29,976 [INFO] Train Loss -> Total: 0.0003, Focal: 0.0003, Orth: 0.2663
2026-04-21 02:00:14,856 [INFO] Val Loss: 0.2667 | FPS: 93.89
2026-04-21 02:00:14,856 [INFO] Val Metrics -> AUC: 0.9933, Acc: 0.7601, F1: 0.6908
2026-04-21 02:00:14,857 [INFO] 当前 Epoch 真实显存峰值占用: 6.97 GB
2026-04-21 02:00:14,857 [INFO] 验证集 AUC 未提升 (当前: 0.9933, 最佳: 0.9990). 已连续 4 轮未提升。
2026-04-21 02:00:14,857 [INFO] >>> 触发后期冻结策略: 冻结 CLIP Visual Encoder，仅训练 Experts 和 Heads <<<
2026-04-21 02:00:14,857 [INFO] 冻结 Spatial Expert 和 Frequency Expert...
2026-04-21 02:00:14,857 [INFO] 优化器已重建，仅训练 Head。学习率调整为: 5.824350601949145e-06
2026-04-21 02:00:14,858 [INFO] 
--- Epoch 11/20 (LR: 0.000006) ---
2026-04-21 02:13:28,843 [INFO] Train Loss -> Total: 0.0004, Focal: 0.0004, Orth: 0.2759
2026-04-21 02:15:13,737 [INFO] Val Loss: 0.0032 | FPS: 93.88
2026-04-21 02:15:13,737 [INFO] Val Metrics -> AUC: 0.9986, Acc: 0.9862, F1: 0.9864
2026-04-21 02:15:13,738 [INFO] 当前 Epoch 真实显存峰值占用: 6.97 GB
2026-04-21 02:15:13,738 [INFO] 验证集 AUC 未提升 (当前: 0.9986, 最佳: 0.9990). 已连续 5 轮未提升。
2026-04-21 02:15:13,738 [INFO] 
--- Epoch 12/20 (LR: 0.000006) ---
2026-04-21 02:28:27,533 [INFO] Train Loss -> Total: 0.0003, Focal: 0.0003, Orth: 0.2757
2026-04-21 02:30:12,348 [INFO] Val Loss: 0.0031 | FPS: 93.94
2026-04-21 02:30:12,348 [INFO] Val Metrics -> AUC: 0.9987, Acc: 0.9870, F1: 0.9872
2026-04-21 02:30:12,348 [INFO] 当前 Epoch 真实显存峰值占用: 6.97 GB
2026-04-21 02:30:12,348 [INFO] 验证集 AUC 未提升 (当前: 0.9987, 最佳: 0.9990). 已连续 6 轮未提升。
2026-04-21 02:30:12,348 [INFO] 
--- Epoch 13/20 (LR: 0.000005) ---
2026-04-21 02:43:26,191 [INFO] Train Loss -> Total: 0.0003, Focal: 0.0003, Orth: 0.2758
2026-04-21 02:45:11,026 [INFO] Val Loss: 0.0031 | FPS: 93.95
2026-04-21 02:45:11,026 [INFO] Val Metrics -> AUC: 0.9987, Acc: 0.9870, F1: 0.9872
2026-04-21 02:45:11,027 [INFO] 当前 Epoch 真实显存峰值占用: 6.97 GB
2026-04-21 02:45:11,027 [INFO] 验证集 AUC 未提升 (当前: 0.9987, 最佳: 0.9990). 已连续 7 轮未提升。
2026-04-21 02:45:11,027 [INFO] 
--- Epoch 14/20 (LR: 0.000005) ---
2026-04-21 02:58:24,666 [INFO] Train Loss -> Total: 0.0003, Focal: 0.0003, Orth: 0.2759
2026-04-21 03:00:09,507 [INFO] Val Loss: 0.0031 | FPS: 93.93
2026-04-21 03:00:09,507 [INFO] Val Metrics -> AUC: 0.9987, Acc: 0.9868, F1: 0.9870
2026-04-21 03:00:09,507 [INFO] 当前 Epoch 真实显存峰值占用: 6.97 GB
2026-04-21 03:00:09,507 [INFO] 验证集 AUC 未提升 (当前: 0.9987, 最佳: 0.9990). 已连续 8 轮未提升。
2026-04-21 03:00:09,508 [INFO] 
--- Epoch 15/20 (LR: 0.000004) ---
2026-04-21 03:13:23,285 [INFO] Train Loss -> Total: 0.0003, Focal: 0.0003, Orth: 0.2759
2026-04-21 03:15:08,013 [INFO] Val Loss: 0.0031 | FPS: 94.03
2026-04-21 03:15:08,013 [INFO] Val Metrics -> AUC: 0.9988, Acc: 0.9874, F1: 0.9876
2026-04-21 03:15:08,013 [INFO] 当前 Epoch 真实显存峰值占用: 6.97 GB
2026-04-21 03:15:08,014 [INFO] 验证集 AUC 未提升 (当前: 0.9988, 最佳: 0.9990). 已连续 9 轮未提升。
2026-04-21 03:15:08,014 [INFO] 
--- Epoch 16/20 (LR: 0.000003) ---
2026-04-21 03:28:21,393 [INFO] Train Loss -> Total: 0.0003, Focal: 0.0003, Orth: 0.2758
2026-04-21 03:30:06,268 [INFO] Val Loss: 0.0031 | FPS: 93.90
2026-04-21 03:30:06,269 [INFO] Val Metrics -> AUC: 0.9988, Acc: 0.9868, F1: 0.9870
2026-04-21 03:30:06,269 [INFO] 当前 Epoch 真实显存峰值占用: 6.97 GB
2026-04-21 03:30:06,269 [INFO] 验证集 AUC 未提升 (当前: 0.9988, 最佳: 0.9990). 已连续 10 轮未提升。
2026-04-21 03:30:06,269 [INFO] 
--- Epoch 17/20 (LR: 0.000003) ---
2026-04-21 03:43:19,684 [INFO] Train Loss -> Total: 0.0003, Focal: 0.0003, Orth: 0.2759
2026-04-21 03:45:04,504 [INFO] Val Loss: 0.0031 | FPS: 93.95
2026-04-21 03:45:04,505 [INFO] Val Metrics -> AUC: 0.9988, Acc: 0.9872, F1: 0.9874
2026-04-21 03:45:04,505 [INFO] 当前 Epoch 真实显存峰值占用: 6.97 GB
2026-04-21 03:45:04,505 [INFO] 验证集 AUC 未提升 (当前: 0.9988, 最佳: 0.9990). 已连续 11 轮未提升。
2026-04-21 03:45:04,505 [INFO] 
--- Epoch 18/20 (LR: 0.000002) ---
2026-04-21 03:58:17,328 [INFO] Train Loss -> Total: 0.0002, Focal: 0.0002, Orth: 0.2756
2026-04-21 04:00:02,112 [INFO] Val Loss: 0.0031 | FPS: 93.98
2026-04-21 04:00:02,112 [INFO] Val Metrics -> AUC: 0.9988, Acc: 0.9874, F1: 0.9876
2026-04-21 04:00:02,112 [INFO] 当前 Epoch 真实显存峰值占用: 6.97 GB
2026-04-21 04:00:02,112 [INFO] 验证集 AUC 未提升 (当前: 0.9988, 最佳: 0.9990). 已连续 12 轮未提升。
2026-04-21 04:00:02,113 [INFO] 
--- Epoch 19/20 (LR: 0.000001) ---
2026-04-21 04:13:16,076 [INFO] Train Loss -> Total: 0.0002, Focal: 0.0002, Orth: 0.2758
2026-04-21 04:15:00,913 [INFO] Val Loss: 0.0031 | FPS: 93.93
2026-04-21 04:15:00,914 [INFO] Val Metrics -> AUC: 0.9988, Acc: 0.9874, F1: 0.9876
2026-04-21 04:15:00,914 [INFO] 当前 Epoch 真实显存峰值占用: 6.97 GB
2026-04-21 04:15:00,914 [INFO] 验证集 AUC 未提升 (当前: 0.9988, 最佳: 0.9990). 已连续 13 轮未提升。
2026-04-21 04:15:00,914 [INFO] 
--- Epoch 20/20 (LR: 0.000001) ---
2026-04-21 04:28:13,783 [INFO] Train Loss -> Total: 0.0002, Focal: 0.0002, Orth: 0.2757
2026-04-21 04:29:58,575 [INFO] Val Loss: 0.0031 | FPS: 93.97
2026-04-21 04:29:58,575 [INFO] Val Metrics -> AUC: 0.9988, Acc: 0.9873, F1: 0.9875
2026-04-21 04:29:58,575 [INFO] 当前 Epoch 真实显存峰值占用: 6.97 GB
2026-04-21 04:29:58,575 [INFO] 验证集 AUC 未提升 (当前: 0.9988, 最佳: 0.9990). 已连续 14 轮未提升。
2026-04-21 04:29:58,575 [INFO] 
--- 训练结束。总耗时: 5:08:51 ---
2026-04-21 04:29:58,575 [INFO] 开始在测试集上评估最佳模型...
2026-04-21 04:31:44,950 [INFO] 测试集最终结果 -> AUC: 0.9985, Acc: 0.9798, F1: 0.9804
2026-04-21 04:31:44,951 [INFO] 结果文件夹已重命名为: ./results/dataset-B_AUC0.9990_ACC0.9792_04-20-232106
2026-04-21 04:31:44,951 [INFO] --- 任务全部完成 ---
