2026-03-17 17:13:55,760 [INFO] --- 开始训练任务: 03-17-171355 ---
2026-03-17 17:13:55,760 [INFO] 使用设备: cuda
2026-03-17 17:13:55,760 [INFO] 结果输出目录: ./results/Temp_dataset-B_03-17-171355
2026-03-17 17:13:55,760 [INFO] 配置参数: Namespace(dataset='dataset-B', data_root='./datasets', lr=0.0002, epochs=40, batch_size=256, lambda_orth=0.05, num_workers=8, results_dir='./results')
2026-03-17 17:13:55,761 [INFO] 加载数据集: ./datasets/dataset-B
2026-03-17 17:13:55,921 [INFO] Parsing model identifier. Schema: None, Identifier: ViT-L-14
2026-03-17 17:13:55,921 [INFO] Loaded built-in ViT-L-14 model config.
2026-03-17 17:13:55,921 [INFO] `pretrained` specifies file path: ./pretrained_models/open_clip_pytorch_model.bin
2026-03-17 17:13:55,921 [INFO] Instantiating model architecture: CLIP
2026-03-17 17:13:59,455 [INFO] Loading full pretrained weights from: ./pretrained_models/open_clip_pytorch_model.bin
2026-03-17 17:14:01,454 [INFO] Final image preprocessing configuration set: {'size': (224, 224), 'mode': 'RGB', 'mean': (0.48145466, 0.4578275, 0.40821073), 'std': (0.26862954, 0.26130258, 0.27577711), 'interpolation': 'bicubic', 'resize_mode': 'shortest', 'fill_color': 0}
2026-03-17 17:14:01,454 [INFO] Model ViT-L-14 creation process complete.
2026-03-17 17:14:02,048 [INFO] 开始训练...
2026-03-17 17:14:02,048 [INFO] 
--- Epoch 1/40 (LR: 0.000200) ---
2026-03-17 17:27:49,761 [INFO] Train Loss -> Total: 0.0175, BCE: 0.0175, Orth: 0.0004
2026-03-17 17:29:32,007 [INFO] Val Loss: 0.0102 | FPS: 96.31
2026-03-17 17:29:32,007 [INFO] Val Metrics -> AUC: 0.9949, Acc: 0.9384, F1: 0.9361
2026-03-17 17:29:32,007 [INFO] 当前 Epoch 真实显存峰值占用: 6.97 GB
2026-03-17 17:29:34,016 [INFO] *** 发现新最佳模型 (AUC: 0.9949)，已保存 ***
2026-03-17 17:29:34,016 [INFO] 
--- Epoch 2/40 (LR: 0.000200) ---
2026-03-17 17:43:20,640 [INFO] Train Loss -> Total: 0.0040, BCE: 0.0040, Orth: 0.0003
2026-03-17 17:45:02,982 [INFO] Val Loss: 0.0034 | FPS: 96.22
2026-03-17 17:45:02,982 [INFO] Val Metrics -> AUC: 0.9985, Acc: 0.9832, F1: 0.9834
2026-03-17 17:45:02,982 [INFO] 当前 Epoch 真实显存峰值占用: 6.97 GB
2026-03-17 17:45:05,139 [INFO] *** 发现新最佳模型 (AUC: 0.9985)，已保存 ***
2026-03-17 17:45:05,139 [INFO] 
--- Epoch 3/40 (LR: 0.000199) ---
2026-03-17 17:58:51,591 [INFO] Train Loss -> Total: 0.0026, BCE: 0.0026, Orth: 0.0001
2026-03-17 18:00:33,750 [INFO] Val Loss: 0.0069 | FPS: 96.39
2026-03-17 18:00:33,750 [INFO] Val Metrics -> AUC: 0.9984, Acc: 0.9620, F1: 0.9613
2026-03-17 18:00:33,750 [INFO] 当前 Epoch 真实显存峰值占用: 6.97 GB
2026-03-17 18:00:33,751 [INFO] 验证集 AUC 未提升 (当前: 0.9984, 最佳: 0.9985). 已连续 1 轮未提升。
2026-03-17 18:00:33,751 [INFO] 
--- Epoch 4/40 (LR: 0.000197) ---
2026-03-17 18:14:19,888 [INFO] Train Loss -> Total: 0.0022, BCE: 0.0022, Orth: 0.0002
2026-03-17 18:16:02,043 [INFO] Val Loss: 0.0081 | FPS: 96.39
2026-03-17 18:16:02,044 [INFO] Val Metrics -> AUC: 0.9991, Acc: 0.9574, F1: 0.9597
2026-03-17 18:16:02,044 [INFO] 当前 Epoch 真实显存峰值占用: 6.97 GB
2026-03-17 18:16:04,186 [INFO] *** 发现新最佳模型 (AUC: 0.9991)，已保存 ***
2026-03-17 18:16:04,187 [INFO] 
--- Epoch 5/40 (LR: 0.000195) ---
2026-03-17 18:29:50,397 [INFO] Train Loss -> Total: 0.0018, BCE: 0.0018, Orth: 0.0001
2026-03-17 18:31:32,663 [INFO] Val Loss: 0.0030 | FPS: 96.29
2026-03-17 18:31:32,663 [INFO] Val Metrics -> AUC: 0.9989, Acc: 0.9847, F1: 0.9850
2026-03-17 18:31:32,663 [INFO] 当前 Epoch 真实显存峰值占用: 6.97 GB
2026-03-17 18:31:32,663 [INFO] 验证集 AUC 未提升 (当前: 0.9989, 最佳: 0.9991). 已连续 1 轮未提升。
2026-03-17 18:31:32,663 [INFO] 
--- Epoch 6/40 (LR: 0.000192) ---
2026-03-17 18:45:19,300 [INFO] Train Loss -> Total: 0.0015, BCE: 0.0015, Orth: 0.0001
2026-03-17 18:47:01,624 [INFO] Val Loss: 0.0067 | FPS: 96.23
2026-03-17 18:47:01,624 [INFO] Val Metrics -> AUC: 0.9992, Acc: 0.9671, F1: 0.9686
2026-03-17 18:47:01,624 [INFO] 当前 Epoch 真实显存峰值占用: 6.97 GB
2026-03-17 18:47:03,797 [INFO] *** 发现新最佳模型 (AUC: 0.9992)，已保存 ***
2026-03-17 18:47:03,797 [INFO] 
--- Epoch 7/40 (LR: 0.000189) ---
2026-03-17 19:00:50,090 [INFO] Train Loss -> Total: 0.0012, BCE: 0.0012, Orth: 0.0001
2026-03-17 19:02:32,694 [INFO] Val Loss: 0.0040 | FPS: 95.97
2026-03-17 19:02:32,694 [INFO] Val Metrics -> AUC: 0.9991, Acc: 0.9790, F1: 0.9790
2026-03-17 19:02:32,694 [INFO] 当前 Epoch 真实显存峰值占用: 6.97 GB
2026-03-17 19:02:32,695 [INFO] 验证集 AUC 未提升 (当前: 0.9991, 最佳: 0.9992). 已连续 1 轮未提升。
2026-03-17 19:02:32,695 [INFO] 
--- Epoch 8/40 (LR: 0.000185) ---
2026-03-17 19:16:19,632 [INFO] Train Loss -> Total: 0.0009, BCE: 0.0009, Orth: 0.0001
2026-03-17 19:18:02,108 [INFO] Val Loss: 0.0027 | FPS: 96.11
2026-03-17 19:18:02,108 [INFO] Val Metrics -> AUC: 0.9992, Acc: 0.9868, F1: 0.9871
2026-03-17 19:18:02,108 [INFO] 当前 Epoch 真实显存峰值占用: 6.97 GB
2026-03-17 19:18:04,299 [INFO] *** 发现新最佳模型 (AUC: 0.9992)，已保存 ***
2026-03-17 19:18:04,299 [INFO] 
--- Epoch 9/40 (LR: 0.000181) ---
2026-03-17 19:31:51,032 [INFO] Train Loss -> Total: 0.0009, BCE: 0.0009, Orth: 0.0001
2026-03-17 19:33:33,488 [INFO] Val Loss: 0.2441 | FPS: 96.12
2026-03-17 19:33:33,488 [INFO] Val Metrics -> AUC: 0.9958, Acc: 0.5659, F1: 0.2536
2026-03-17 19:33:33,489 [INFO] 当前 Epoch 真实显存峰值占用: 6.97 GB
2026-03-17 19:33:33,489 [INFO] 验证集 AUC 未提升 (当前: 0.9958, 最佳: 0.9992). 已连续 3 轮未提升。
2026-03-17 19:33:33,489 [INFO] 
--- Epoch 10/40 (LR: 0.000176) ---
2026-03-17 19:47:20,649 [INFO] Train Loss -> Total: 0.0006, BCE: 0.0006, Orth: 0.0001
2026-03-17 19:49:02,884 [INFO] Val Loss: 0.1507 | FPS: 96.33
2026-03-17 19:49:02,885 [INFO] Val Metrics -> AUC: 0.9977, Acc: 0.8008, F1: 0.8361
2026-03-17 19:49:02,885 [INFO] 当前 Epoch 真实显存峰值占用: 6.97 GB
2026-03-17 19:49:02,885 [INFO] 验证集 AUC 未提升 (当前: 0.9977, 最佳: 0.9992). 已连续 4 轮未提升。
2026-03-17 19:49:02,886 [INFO] >>> 触发后期冻结策略: 冻结 CLIP Visual Encoder，仅训练 Experts 和 Heads <<<
2026-03-17 19:49:02,886 [INFO] 冻结 Spatial Expert 和 Frequency Expert...
2026-03-17 19:49:02,887 [INFO] 优化器已重建，仅训练 Head。学习率调整为: 1.7616039357720315e-05
2026-03-17 19:49:02,887 [INFO] 
--- Epoch 11/40 (LR: 0.000018) ---
2026-03-17 20:01:57,190 [INFO] Train Loss -> Total: 0.0003, BCE: 0.0003, Orth: 0.0000
2026-03-17 20:03:39,426 [INFO] Val Loss: 0.0022 | FPS: 96.31
2026-03-17 20:03:39,427 [INFO] Val Metrics -> AUC: 0.9994, Acc: 0.9893, F1: 0.9895
2026-03-17 20:03:39,427 [INFO] 当前 Epoch 真实显存峰值占用: 6.97 GB
2026-03-17 20:03:41,600 [INFO] *** 发现新最佳模型 (AUC: 0.9994)，已保存 ***
2026-03-17 20:03:41,600 [INFO] 
--- Epoch 12/40 (LR: 0.000018) ---
2026-03-17 20:16:36,030 [INFO] Train Loss -> Total: 0.0003, BCE: 0.0003, Orth: 0.0000
2026-03-17 20:18:18,557 [INFO] Val Loss: 0.0022 | FPS: 96.04
2026-03-17 20:18:18,557 [INFO] Val Metrics -> AUC: 0.9994, Acc: 0.9891, F1: 0.9893
2026-03-17 20:18:18,557 [INFO] 当前 Epoch 真实显存峰值占用: 6.97 GB
2026-03-17 20:18:20,771 [INFO] *** 发现新最佳模型 (AUC: 0.9994)，已保存 ***
2026-03-17 20:18:20,771 [INFO] 
--- Epoch 13/40 (LR: 0.000017) ---
2026-03-17 20:31:15,147 [INFO] Train Loss -> Total: 0.0003, BCE: 0.0003, Orth: 0.0000
2026-03-17 20:32:57,635 [INFO] Val Loss: 0.0022 | FPS: 96.09
2026-03-17 20:32:57,635 [INFO] Val Metrics -> AUC: 0.9994, Acc: 0.9889, F1: 0.9891
2026-03-17 20:32:57,636 [INFO] 当前 Epoch 真实显存峰值占用: 6.97 GB
2026-03-17 20:32:59,854 [INFO] *** 发现新最佳模型 (AUC: 0.9994)，已保存 ***
2026-03-17 20:32:59,854 [INFO] 
--- Epoch 14/40 (LR: 0.000017) ---
2026-03-17 20:45:53,983 [INFO] Train Loss -> Total: 0.0003, BCE: 0.0003, Orth: 0.0000
2026-03-17 20:47:36,307 [INFO] Val Loss: 0.0023 | FPS: 96.23
2026-03-17 20:47:36,307 [INFO] Val Metrics -> AUC: 0.9994, Acc: 0.9895, F1: 0.9897
2026-03-17 20:47:36,308 [INFO] 当前 Epoch 真实显存峰值占用: 6.97 GB
2026-03-17 20:47:36,308 [INFO] 验证集 AUC 未提升 (当前: 0.9994, 最佳: 0.9994). 已连续 3 轮未提升。
2026-03-17 20:47:36,308 [INFO] 
--- Epoch 15/40 (LR: 0.000017) ---
2026-03-17 21:00:30,699 [INFO] Train Loss -> Total: 0.0003, BCE: 0.0003, Orth: 0.0000
2026-03-17 21:02:13,140 [INFO] Val Loss: 0.0023 | FPS: 96.12
2026-03-17 21:02:13,140 [INFO] Val Metrics -> AUC: 0.9994, Acc: 0.9891, F1: 0.9893
2026-03-17 21:02:13,140 [INFO] 当前 Epoch 真实显存峰值占用: 6.97 GB
2026-03-17 21:02:13,141 [INFO] 验证集 AUC 未提升 (当前: 0.9994, 最佳: 0.9994). 已连续 4 轮未提升。
2026-03-17 21:02:13,141 [INFO] 
--- Epoch 16/40 (LR: 0.000017) ---
2026-03-17 21:15:07,535 [INFO] Train Loss -> Total: 0.0002, BCE: 0.0002, Orth: 0.0000
2026-03-17 21:16:50,082 [INFO] Val Loss: 0.0023 | FPS: 96.02
2026-03-17 21:16:50,083 [INFO] Val Metrics -> AUC: 0.9994, Acc: 0.9895, F1: 0.9897
2026-03-17 21:16:50,083 [INFO] 当前 Epoch 真实显存峰值占用: 6.97 GB
2026-03-17 21:16:50,083 [INFO] 验证集 AUC 未提升 (当前: 0.9994, 最佳: 0.9994). 已连续 5 轮未提升。
2026-03-17 21:16:50,083 [INFO] 
--- Epoch 17/40 (LR: 0.000016) ---
2026-03-17 21:29:44,643 [INFO] Train Loss -> Total: 0.0002, BCE: 0.0002, Orth: 0.0000
2026-03-17 21:31:26,872 [INFO] Val Loss: 0.0023 | FPS: 96.33
2026-03-17 21:31:26,873 [INFO] Val Metrics -> AUC: 0.9994, Acc: 0.9896, F1: 0.9898
2026-03-17 21:31:26,873 [INFO] 当前 Epoch 真实显存峰值占用: 6.97 GB
2026-03-17 21:31:26,873 [INFO] 验证集 AUC 未提升 (当前: 0.9994, 最佳: 0.9994). 已连续 6 轮未提升。
2026-03-17 21:31:26,873 [INFO] 
--- Epoch 18/40 (LR: 0.000015) ---
2026-03-17 21:44:21,020 [INFO] Train Loss -> Total: 0.0002, BCE: 0.0002, Orth: 0.0000
2026-03-17 21:46:03,487 [INFO] Val Loss: 0.0023 | FPS: 96.10
2026-03-17 21:46:03,487 [INFO] Val Metrics -> AUC: 0.9994, Acc: 0.9891, F1: 0.9893
2026-03-17 21:46:03,488 [INFO] 当前 Epoch 真实显存峰值占用: 6.97 GB
2026-03-17 21:46:03,488 [INFO] 验证集 AUC 未提升 (当前: 0.9994, 最佳: 0.9994). 已连续 7 轮未提升。
2026-03-17 21:46:03,488 [INFO] 
--- Epoch 19/40 (LR: 0.000015) ---
2026-03-17 21:58:57,688 [INFO] Train Loss -> Total: 0.0002, BCE: 0.0002, Orth: 0.0000
2026-03-17 22:00:40,006 [INFO] Val Loss: 0.0023 | FPS: 96.26
2026-03-17 22:00:40,007 [INFO] Val Metrics -> AUC: 0.9994, Acc: 0.9894, F1: 0.9896
2026-03-17 22:00:40,007 [INFO] 当前 Epoch 真实显存峰值占用: 6.97 GB
2026-03-17 22:00:40,008 [INFO] 验证集 AUC 未提升 (当前: 0.9994, 最佳: 0.9994). 已连续 8 轮未提升。
2026-03-17 22:00:40,008 [INFO] 
--- Epoch 20/40 (LR: 0.000014) ---
2026-03-17 22:13:34,145 [INFO] Train Loss -> Total: 0.0002, BCE: 0.0002, Orth: 0.0000
2026-03-17 22:15:16,382 [INFO] Val Loss: 0.0024 | FPS: 96.33
2026-03-17 22:15:16,383 [INFO] Val Metrics -> AUC: 0.9994, Acc: 0.9890, F1: 0.9892
2026-03-17 22:15:16,383 [INFO] 当前 Epoch 真实显存峰值占用: 6.97 GB
2026-03-17 22:15:16,384 [INFO] 验证集 AUC 未提升 (当前: 0.9994, 最佳: 0.9994). 已连续 9 轮未提升。
2026-03-17 22:15:16,384 [INFO] 
--- Epoch 21/40 (LR: 0.000013) ---
2026-03-17 22:28:10,408 [INFO] Train Loss -> Total: 0.0002, BCE: 0.0002, Orth: 0.0000
2026-03-17 22:29:52,741 [INFO] Val Loss: 0.0024 | FPS: 96.22
2026-03-17 22:29:52,741 [INFO] Val Metrics -> AUC: 0.9994, Acc: 0.9893, F1: 0.9895
2026-03-17 22:29:52,742 [INFO] 当前 Epoch 真实显存峰值占用: 6.97 GB
2026-03-17 22:29:52,742 [INFO] 验证集 AUC 未提升 (当前: 0.9994, 最佳: 0.9994). 已连续 10 轮未提升。
2026-03-17 22:29:52,742 [INFO] 
--- Epoch 22/40 (LR: 0.000013) ---
2026-03-17 22:42:46,753 [INFO] Train Loss -> Total: 0.0002, BCE: 0.0002, Orth: 0.0000
2026-03-17 22:44:29,218 [INFO] Val Loss: 0.0024 | FPS: 96.10
2026-03-17 22:44:29,218 [INFO] Val Metrics -> AUC: 0.9994, Acc: 0.9890, F1: 0.9892
2026-03-17 22:44:29,219 [INFO] 当前 Epoch 真实显存峰值占用: 6.97 GB
2026-03-17 22:44:29,219 [INFO] 验证集 AUC 未提升 (当前: 0.9994, 最佳: 0.9994). 已连续 11 轮未提升。
2026-03-17 22:44:29,219 [INFO] 
--- Epoch 23/40 (LR: 0.000012) ---
2026-03-17 22:57:23,368 [INFO] Train Loss -> Total: 0.0002, BCE: 0.0002, Orth: 0.0000
2026-03-17 22:59:05,538 [INFO] Val Loss: 0.0024 | FPS: 96.38
2026-03-17 22:59:05,539 [INFO] Val Metrics -> AUC: 0.9994, Acc: 0.9888, F1: 0.9890
2026-03-17 22:59:05,539 [INFO] 当前 Epoch 真实显存峰值占用: 6.97 GB
2026-03-17 22:59:05,539 [INFO] 验证集 AUC 未提升 (当前: 0.9994, 最佳: 0.9994). 已连续 12 轮未提升。
2026-03-17 22:59:05,539 [INFO] 
--- Epoch 24/40 (LR: 0.000011) ---
2026-03-17 23:11:58,944 [INFO] Train Loss -> Total: 0.0002, BCE: 0.0002, Orth: 0.0000
2026-03-17 23:13:41,197 [INFO] Val Loss: 0.0024 | FPS: 96.30
2026-03-17 23:13:41,198 [INFO] Val Metrics -> AUC: 0.9994, Acc: 0.9894, F1: 0.9896
2026-03-17 23:13:41,198 [INFO] 当前 Epoch 真实显存峰值占用: 6.97 GB
2026-03-17 23:13:41,198 [INFO] 验证集 AUC 未提升 (当前: 0.9994, 最佳: 0.9994). 已连续 13 轮未提升。
2026-03-17 23:13:41,198 [INFO] 
--- Epoch 25/40 (LR: 0.000010) ---
2026-03-17 23:26:34,781 [INFO] Train Loss -> Total: 0.0002, BCE: 0.0002, Orth: 0.0000
2026-03-17 23:28:16,967 [INFO] Val Loss: 0.0024 | FPS: 96.38
2026-03-17 23:28:16,967 [INFO] Val Metrics -> AUC: 0.9994, Acc: 0.9893, F1: 0.9895
2026-03-17 23:28:16,968 [INFO] 当前 Epoch 真实显存峰值占用: 6.97 GB
2026-03-17 23:28:16,968 [INFO] 验证集 AUC 未提升 (当前: 0.9994, 最佳: 0.9994). 已连续 14 轮未提升。
2026-03-17 23:28:16,968 [INFO] 
--- Epoch 26/40 (LR: 0.000009) ---
2026-03-17 23:41:10,459 [INFO] Train Loss -> Total: 0.0002, BCE: 0.0002, Orth: 0.0000
2026-03-17 23:42:52,765 [INFO] Val Loss: 0.0025 | FPS: 96.25
2026-03-17 23:42:52,765 [INFO] Val Metrics -> AUC: 0.9994, Acc: 0.9891, F1: 0.9893
2026-03-17 23:42:52,766 [INFO] 当前 Epoch 真实显存峰值占用: 6.97 GB
2026-03-17 23:42:52,766 [INFO] 验证集 AUC 未提升 (当前: 0.9994, 最佳: 0.9994). 已连续 15 轮未提升。
2026-03-17 23:42:52,766 [INFO] 
--- Epoch 27/40 (LR: 0.000008) ---
2026-03-17 23:55:46,042 [INFO] Train Loss -> Total: 0.0002, BCE: 0.0002, Orth: 0.0000
2026-03-17 23:57:28,278 [INFO] Val Loss: 0.0025 | FPS: 96.31
2026-03-17 23:57:28,278 [INFO] Val Metrics -> AUC: 0.9994, Acc: 0.9893, F1: 0.9895
2026-03-17 23:57:28,278 [INFO] 当前 Epoch 真实显存峰值占用: 6.97 GB
2026-03-17 23:57:28,278 [INFO] 验证集 AUC 未提升 (当前: 0.9994, 最佳: 0.9994). 已连续 16 轮未提升。
2026-03-17 23:57:28,279 [INFO] 
--- Epoch 28/40 (LR: 0.000008) ---
2026-03-18 00:10:21,234 [INFO] Train Loss -> Total: 0.0002, BCE: 0.0002, Orth: 0.0000
2026-03-18 00:12:03,418 [INFO] Val Loss: 0.0025 | FPS: 96.37
2026-03-18 00:12:03,419 [INFO] Val Metrics -> AUC: 0.9994, Acc: 0.9893, F1: 0.9895
2026-03-18 00:12:03,419 [INFO] 当前 Epoch 真实显存峰值占用: 6.97 GB
2026-03-18 00:12:03,419 [INFO] 验证集 AUC 未提升 (当前: 0.9994, 最佳: 0.9994). 已连续 17 轮未提升。
2026-03-18 00:12:03,419 [INFO] 
--- Epoch 29/40 (LR: 0.000007) ---
2026-03-18 00:24:56,528 [INFO] Train Loss -> Total: 0.0002, BCE: 0.0002, Orth: 0.0000
2026-03-18 00:26:38,641 [INFO] Val Loss: 0.0025 | FPS: 96.43
2026-03-18 00:26:38,642 [INFO] Val Metrics -> AUC: 0.9994, Acc: 0.9891, F1: 0.9893
2026-03-18 00:26:38,642 [INFO] 当前 Epoch 真实显存峰值占用: 6.97 GB
2026-03-18 00:26:38,642 [INFO] 验证集 AUC 未提升 (当前: 0.9994, 最佳: 0.9994). 已连续 18 轮未提升。
2026-03-18 00:26:38,642 [INFO] 
--- Epoch 30/40 (LR: 0.000006) ---
2026-03-18 00:39:31,589 [INFO] Train Loss -> Total: 0.0002, BCE: 0.0002, Orth: 0.0000
2026-03-18 00:41:13,872 [INFO] Val Loss: 0.0025 | FPS: 96.27
2026-03-18 00:41:13,872 [INFO] Val Metrics -> AUC: 0.9994, Acc: 0.9888, F1: 0.9890
2026-03-18 00:41:13,873 [INFO] 当前 Epoch 真实显存峰值占用: 6.97 GB
2026-03-18 00:41:13,873 [INFO] 验证集 AUC 未提升 (当前: 0.9994, 最佳: 0.9994). 已连续 19 轮未提升。
2026-03-18 00:41:13,873 [INFO] 
--- Epoch 31/40 (LR: 0.000005) ---
2026-03-18 00:54:07,290 [INFO] Train Loss -> Total: 0.0002, BCE: 0.0002, Orth: 0.0000
2026-03-18 00:55:50,089 [INFO] Val Loss: 0.0025 | FPS: 95.80
2026-03-18 00:55:50,089 [INFO] Val Metrics -> AUC: 0.9994, Acc: 0.9891, F1: 0.9893
2026-03-18 00:55:50,090 [INFO] 当前 Epoch 真实显存峰值占用: 6.97 GB
2026-03-18 00:55:50,090 [INFO] 验证集 AUC 未提升 (当前: 0.9994, 最佳: 0.9994). 已连续 20 轮未提升。
2026-03-18 00:55:50,090 [INFO] 
--- Epoch 32/40 (LR: 0.000004) ---
2026-03-18 01:08:46,517 [INFO] Train Loss -> Total: 0.0002, BCE: 0.0002, Orth: 0.0000
2026-03-18 01:10:29,282 [INFO] Val Loss: 0.0025 | FPS: 95.82
2026-03-18 01:10:29,283 [INFO] Val Metrics -> AUC: 0.9994, Acc: 0.9889, F1: 0.9891
2026-03-18 01:10:29,283 [INFO] 当前 Epoch 真实显存峰值占用: 6.97 GB
2026-03-18 01:10:29,283 [INFO] 验证集 AUC 未提升 (当前: 0.9994, 最佳: 0.9994). 已连续 21 轮未提升。
2026-03-18 01:10:29,283 [INFO] 
--- Epoch 33/40 (LR: 0.000004) ---
2026-03-18 01:23:26,935 [INFO] Train Loss -> Total: 0.0002, BCE: 0.0002, Orth: 0.0000
2026-03-18 01:25:09,793 [INFO] Val Loss: 0.0025 | FPS: 95.75
2026-03-18 01:25:09,794 [INFO] Val Metrics -> AUC: 0.9994, Acc: 0.9889, F1: 0.9891
2026-03-18 01:25:09,794 [INFO] 当前 Epoch 真实显存峰值占用: 6.97 GB
2026-03-18 01:25:09,795 [INFO] 验证集 AUC 未提升 (当前: 0.9994, 最佳: 0.9994). 已连续 22 轮未提升。
2026-03-18 01:25:09,795 [INFO] 
--- Epoch 34/40 (LR: 0.000003) ---
2026-03-18 01:38:07,640 [INFO] Train Loss -> Total: 0.0002, BCE: 0.0002, Orth: 0.0000
2026-03-18 01:39:50,362 [INFO] Val Loss: 0.0025 | FPS: 95.86
2026-03-18 01:39:50,363 [INFO] Val Metrics -> AUC: 0.9994, Acc: 0.9892, F1: 0.9894
2026-03-18 01:39:50,363 [INFO] 当前 Epoch 真实显存峰值占用: 6.97 GB
2026-03-18 01:39:50,363 [INFO] 验证集 AUC 未提升 (当前: 0.9994, 最佳: 0.9994). 已连续 23 轮未提升。
2026-03-18 01:39:50,363 [INFO] 
--- Epoch 35/40 (LR: 0.000003) ---
2026-03-18 01:52:45,622 [INFO] Train Loss -> Total: 0.0002, BCE: 0.0002, Orth: 0.0000
2026-03-18 01:54:28,141 [INFO] Val Loss: 0.0025 | FPS: 96.05
2026-03-18 01:54:28,141 [INFO] Val Metrics -> AUC: 0.9994, Acc: 0.9889, F1: 0.9891
2026-03-18 01:54:28,142 [INFO] 当前 Epoch 真实显存峰值占用: 6.97 GB
2026-03-18 01:54:28,142 [INFO] 验证集 AUC 未提升 (当前: 0.9994, 最佳: 0.9994). 已连续 24 轮未提升。
2026-03-18 01:54:28,142 [INFO] 
--- Epoch 36/40 (LR: 0.000002) ---
2026-03-18 02:07:22,565 [INFO] Train Loss -> Total: 0.0002, BCE: 0.0002, Orth: 0.0000
2026-03-18 02:09:04,960 [INFO] Val Loss: 0.0025 | FPS: 96.18
2026-03-18 02:09:04,960 [INFO] Val Metrics -> AUC: 0.9994, Acc: 0.9889, F1: 0.9891
2026-03-18 02:09:04,961 [INFO] 当前 Epoch 真实显存峰值占用: 6.97 GB
2026-03-18 02:09:04,961 [INFO] 验证集 AUC 未提升 (当前: 0.9994, 最佳: 0.9994). 已连续 25 轮未提升。
2026-03-18 02:09:04,961 [INFO] 
--- Epoch 37/40 (LR: 0.000002) ---
2026-03-18 02:21:58,941 [INFO] Train Loss -> Total: 0.0002, BCE: 0.0002, Orth: 0.0000
2026-03-18 02:23:41,105 [INFO] Val Loss: 0.0025 | FPS: 96.38
2026-03-18 02:23:41,105 [INFO] Val Metrics -> AUC: 0.9994, Acc: 0.9890, F1: 0.9892
2026-03-18 02:23:41,106 [INFO] 当前 Epoch 真实显存峰值占用: 6.97 GB
2026-03-18 02:23:41,106 [INFO] 验证集 AUC 未提升 (当前: 0.9994, 最佳: 0.9994). 已连续 26 轮未提升。
2026-03-18 02:23:41,106 [INFO] 
--- Epoch 38/40 (LR: 0.000001) ---
2026-03-18 02:36:34,546 [INFO] Train Loss -> Total: 0.0002, BCE: 0.0002, Orth: 0.0000
2026-03-18 02:38:16,753 [INFO] Val Loss: 0.0025 | FPS: 96.36
2026-03-18 02:38:16,753 [INFO] Val Metrics -> AUC: 0.9994, Acc: 0.9894, F1: 0.9896
2026-03-18 02:38:16,754 [INFO] 当前 Epoch 真实显存峰值占用: 6.97 GB
2026-03-18 02:38:16,754 [INFO] 验证集 AUC 未提升 (当前: 0.9994, 最佳: 0.9994). 已连续 27 轮未提升。
2026-03-18 02:38:16,754 [INFO] 
--- Epoch 39/40 (LR: 0.000001) ---
2026-03-18 02:51:09,801 [INFO] Train Loss -> Total: 0.0002, BCE: 0.0002, Orth: 0.0000
2026-03-18 02:52:52,061 [INFO] Val Loss: 0.0025 | FPS: 96.29
2026-03-18 02:52:52,061 [INFO] Val Metrics -> AUC: 0.9994, Acc: 0.9890, F1: 0.9892
2026-03-18 02:52:52,061 [INFO] 当前 Epoch 真实显存峰值占用: 6.97 GB
2026-03-18 02:52:52,061 [INFO] 验证集 AUC 未提升 (当前: 0.9994, 最佳: 0.9994). 已连续 28 轮未提升。
2026-03-18 02:52:52,061 [INFO] 
--- Epoch 40/40 (LR: 0.000001) ---
2026-03-18 03:05:44,514 [INFO] Train Loss -> Total: 0.0002, BCE: 0.0002, Orth: 0.0000
2026-03-18 03:07:26,693 [INFO] Val Loss: 0.0025 | FPS: 96.37
2026-03-18 03:07:26,693 [INFO] Val Metrics -> AUC: 0.9994, Acc: 0.9889, F1: 0.9891
2026-03-18 03:07:26,693 [INFO] 当前 Epoch 真实显存峰值占用: 6.97 GB
2026-03-18 03:07:26,694 [INFO] 验证集 AUC 未提升 (当前: 0.9994, 最佳: 0.9994). 已连续 29 轮未提升。
2026-03-18 03:07:26,694 [INFO] 
--- 训练结束。总耗时: 9:53:30 ---
2026-03-18 03:07:26,694 [INFO] 开始在测试集上评估最佳模型...
2026-03-18 03:09:09,473 [INFO] 测试集最终结果 -> AUC: 0.9992, Acc: 0.9879, F1: 0.9881
2026-03-18 03:09:09,473 [INFO] 结果文件夹已重命名为: ./results/dataset-B_AUC0.9994_ACC0.9889_03-17-171355
2026-03-18 03:09:09,473 [INFO] --- 任务全部完成 ---
