2026-03-15 16:15:56,327 [INFO] --- 开始训练任务: 03-15-161556 ---
2026-03-15 16:15:56,327 [INFO] 使用设备: cuda
2026-03-15 16:15:56,327 [INFO] 结果输出目录: ./results/Temp_dataset-A_03-15-161556
2026-03-15 16:15:56,327 [INFO] 加载数据集: ./datasets/dataset-A
2026-03-15 16:15:56,346 [INFO] Parsing model identifier. Schema: None, Identifier: ViT-L-14
2026-03-15 16:15:56,346 [INFO] Loaded built-in ViT-L-14 model config.
2026-03-15 16:15:56,346 [INFO] `pretrained` specifies file path: ./pretrained_models/open_clip_pytorch_model.bin
2026-03-15 16:15:56,346 [INFO] Instantiating model architecture: CLIP
2026-03-15 16:15:59,781 [INFO] Loading full pretrained weights from: ./pretrained_models/open_clip_pytorch_model.bin
2026-03-15 16:16:01,670 [INFO] Final image preprocessing configuration set: {'size': (224, 224), 'mode': 'RGB', 'mean': (0.48145466, 0.4578275, 0.40821073), 'std': (0.26862954, 0.26130258, 0.27577711), 'interpolation': 'bicubic', 'resize_mode': 'shortest', 'fill_color': 0}
2026-03-15 16:16:01,670 [INFO] Model ViT-L-14 creation process complete.
2026-03-15 16:16:02,283 [INFO] 开始训练...
2026-03-15 16:16:02,283 [INFO] 
--- Epoch 1/20 ---
2026-03-15 16:18:15,408 [INFO] Train Loss -> Total: 0.4260, BCE: 0.4255, Orth: 0.0104
2026-03-15 16:18:26,592 [INFO] Val Loss: 1.0112 | FPS: 89.33
2026-03-15 16:18:26,592 [INFO] Val Metrics -> AUC: 0.9626, Acc: 0.6874, F1: 0.5465
2026-03-15 16:18:28,477 [INFO] *** 发现新最佳模型 (AUC: 0.9626)，已保存 ***
2026-03-15 16:18:28,478 [INFO] 
--- Epoch 2/20 ---
2026-03-15 16:20:41,557 [INFO] Train Loss -> Total: 0.1396, BCE: 0.1391, Orth: 0.0110
2026-03-15 16:20:52,726 [INFO] Val Loss: 0.2503 | FPS: 89.51
2026-03-15 16:20:52,726 [INFO] Val Metrics -> AUC: 0.9857, Acc: 0.9068, F1: 0.9138
2026-03-15 16:20:54,860 [INFO] *** 发现新最佳模型 (AUC: 0.9857)，已保存 ***
2026-03-15 16:20:54,860 [INFO] 
--- Epoch 3/20 ---
2026-03-15 16:23:07,970 [INFO] Train Loss -> Total: 0.0829, BCE: 0.0825, Orth: 0.0069
2026-03-15 16:23:19,147 [INFO] Val Loss: 0.1223 | FPS: 89.37
2026-03-15 16:23:19,147 [INFO] Val Metrics -> AUC: 0.9892, Acc: 0.9609, F1: 0.9613
2026-03-15 16:23:21,299 [INFO] *** 发现新最佳模型 (AUC: 0.9892)，已保存 ***
2026-03-15 16:23:21,299 [INFO] 
--- Epoch 4/20 ---
2026-03-15 16:25:34,262 [INFO] Train Loss -> Total: 0.0551, BCE: 0.0548, Orth: 0.0063
2026-03-15 16:25:45,393 [INFO] Val Loss: 0.1314 | FPS: 89.74
2026-03-15 16:25:45,394 [INFO] Val Metrics -> AUC: 0.9920, Acc: 0.9529, F1: 0.9543
2026-03-15 16:25:47,608 [INFO] *** 发现新最佳模型 (AUC: 0.9920)，已保存 ***
2026-03-15 16:25:47,609 [INFO] 
--- Epoch 5/20 ---
2026-03-15 16:28:00,649 [INFO] Train Loss -> Total: 0.0409, BCE: 0.0406, Orth: 0.0049
2026-03-15 16:28:11,790 [INFO] Val Loss: 0.6295 | FPS: 89.70
2026-03-15 16:28:11,790 [INFO] Val Metrics -> AUC: 0.9873, Acc: 0.7234, F1: 0.7830
2026-03-15 16:28:11,790 [INFO] 
--- Epoch 6/20 ---
2026-03-15 16:30:24,908 [INFO] Train Loss -> Total: 0.0305, BCE: 0.0302, Orth: 0.0042
2026-03-15 16:30:36,116 [INFO] Val Loss: 0.1885 | FPS: 89.17
2026-03-15 16:30:36,116 [INFO] Val Metrics -> AUC: 0.9937, Acc: 0.9509, F1: 0.9486
2026-03-15 16:30:38,311 [INFO] *** 发现新最佳模型 (AUC: 0.9937)，已保存 ***
2026-03-15 16:30:38,311 [INFO] 
--- Epoch 7/20 ---
2026-03-15 16:32:51,329 [INFO] Train Loss -> Total: 0.0203, BCE: 0.0201, Orth: 0.0035
2026-03-15 16:33:02,436 [INFO] Val Loss: 0.5344 | FPS: 89.93
2026-03-15 16:33:02,436 [INFO] Val Metrics -> AUC: 0.9903, Acc: 0.8778, F1: 0.8614
2026-03-15 16:33:02,437 [INFO] 
--- Epoch 8/20 ---
2026-03-15 16:35:15,580 [INFO] Train Loss -> Total: 0.0118, BCE: 0.0117, Orth: 0.0030
2026-03-15 16:35:26,772 [INFO] Val Loss: 0.1064 | FPS: 89.26
2026-03-15 16:35:26,772 [INFO] Val Metrics -> AUC: 0.9930, Acc: 0.9669, F1: 0.9672
2026-03-15 16:35:26,772 [INFO] 
--- Epoch 9/20 ---
2026-03-15 16:37:39,867 [INFO] Train Loss -> Total: 0.0087, BCE: 0.0085, Orth: 0.0025
2026-03-15 16:37:51,034 [INFO] Val Loss: 0.1224 | FPS: 89.46
2026-03-15 16:37:51,034 [INFO] Val Metrics -> AUC: 0.9938, Acc: 0.9649, F1: 0.9640
2026-03-15 16:37:53,207 [INFO] *** 发现新最佳模型 (AUC: 0.9938)，已保存 ***
2026-03-15 16:37:53,207 [INFO] 
--- Epoch 10/20 ---
2026-03-15 16:40:06,292 [INFO] Train Loss -> Total: 0.0065, BCE: 0.0064, Orth: 0.0023
2026-03-15 16:40:17,485 [INFO] Val Loss: 0.1178 | FPS: 89.24
2026-03-15 16:40:17,485 [INFO] Val Metrics -> AUC: 0.9932, Acc: 0.9709, F1: 0.9703
2026-03-15 16:40:17,485 [INFO] 
--- Epoch 11/20 ---
2026-03-15 16:42:30,599 [INFO] Train Loss -> Total: 0.0086, BCE: 0.0085, Orth: 0.0019
2026-03-15 16:42:41,758 [INFO] Val Loss: 0.1053 | FPS: 89.58
2026-03-15 16:42:41,758 [INFO] Val Metrics -> AUC: 0.9937, Acc: 0.9669, F1: 0.9668
2026-03-15 16:42:41,759 [INFO] 
--- Epoch 12/20 ---
2026-03-15 16:44:54,947 [INFO] Train Loss -> Total: 0.0120, BCE: 0.0119, Orth: 0.0015
2026-03-15 16:45:06,067 [INFO] Val Loss: 0.3229 | FPS: 89.83
2026-03-15 16:45:06,067 [INFO] Val Metrics -> AUC: 0.9926, Acc: 0.8988, F1: 0.9078
2026-03-15 16:45:06,067 [INFO] 
--- Epoch 13/20 ---
2026-03-15 16:47:19,127 [INFO] Train Loss -> Total: 0.0055, BCE: 0.0054, Orth: 0.0014
2026-03-15 16:47:30,301 [INFO] Val Loss: 8.1972 | FPS: 89.39
2026-03-15 16:47:30,301 [INFO] Val Metrics -> AUC: 0.9677, Acc: 0.6343, F1: 0.4252
2026-03-15 16:47:30,302 [INFO] 
--- Epoch 14/20 ---
2026-03-15 16:49:43,467 [INFO] Train Loss -> Total: 0.0104, BCE: 0.0104, Orth: 0.0013
2026-03-15 16:49:54,597 [INFO] Val Loss: 0.1566 | FPS: 89.74
2026-03-15 16:49:54,597 [INFO] Val Metrics -> AUC: 0.9908, Acc: 0.9579, F1: 0.9569
2026-03-15 16:49:54,597 [INFO] 
--- Epoch 15/20 ---
2026-03-15 16:52:07,731 [INFO] Train Loss -> Total: 0.0031, BCE: 0.0030, Orth: 0.0011
2026-03-15 16:52:18,876 [INFO] Val Loss: 0.3109 | FPS: 89.62
2026-03-15 16:52:18,876 [INFO] Val Metrics -> AUC: 0.9937, Acc: 0.9198, F1: 0.9255
2026-03-15 16:52:18,876 [INFO] 
--- Epoch 16/20 ---
2026-03-15 16:54:31,998 [INFO] Train Loss -> Total: 0.0014, BCE: 0.0014, Orth: 0.0010
2026-03-15 16:54:43,200 [INFO] Val Loss: 0.1059 | FPS: 89.16
2026-03-15 16:54:43,201 [INFO] Val Metrics -> AUC: 0.9946, Acc: 0.9679, F1: 0.9677
2026-03-15 16:54:45,399 [INFO] *** 发现新最佳模型 (AUC: 0.9946)，已保存 ***
2026-03-15 16:54:45,399 [INFO] 
--- Epoch 17/20 ---
2026-03-15 16:56:58,435 [INFO] Train Loss -> Total: 0.0010, BCE: 0.0010, Orth: 0.0007
2026-03-15 16:57:09,586 [INFO] Val Loss: 0.1229 | FPS: 89.57
2026-03-15 16:57:09,586 [INFO] Val Metrics -> AUC: 0.9950, Acc: 0.9719, F1: 0.9714
2026-03-15 16:57:11,770 [INFO] *** 发现新最佳模型 (AUC: 0.9950)，已保存 ***
2026-03-15 16:57:11,770 [INFO] 
--- Epoch 18/20 ---
2026-03-15 16:59:24,725 [INFO] Train Loss -> Total: 0.0007, BCE: 0.0007, Orth: 0.0006
2026-03-15 16:59:35,875 [INFO] Val Loss: 0.1122 | FPS: 89.60
2026-03-15 16:59:35,875 [INFO] Val Metrics -> AUC: 0.9951, Acc: 0.9719, F1: 0.9715
2026-03-15 16:59:38,058 [INFO] *** 发现新最佳模型 (AUC: 0.9951)，已保存 ***
2026-03-15 16:59:38,058 [INFO] 
--- Epoch 19/20 ---
2026-03-15 17:01:50,997 [INFO] Train Loss -> Total: 0.0005, BCE: 0.0005, Orth: 0.0004
2026-03-15 17:02:02,183 [INFO] Val Loss: 0.1102 | FPS: 89.31
2026-03-15 17:02:02,183 [INFO] Val Metrics -> AUC: 0.9951, Acc: 0.9729, F1: 0.9726
2026-03-15 17:02:04,344 [INFO] *** 发现新最佳模型 (AUC: 0.9951)，已保存 ***
2026-03-15 17:02:04,345 [INFO] 
--- Epoch 20/20 ---
2026-03-15 17:04:17,322 [INFO] Train Loss -> Total: 0.0004, BCE: 0.0004, Orth: 0.0003
2026-03-15 17:04:28,454 [INFO] Val Loss: 0.1447 | FPS: 89.79
2026-03-15 17:04:28,454 [INFO] Val Metrics -> AUC: 0.9952, Acc: 0.9719, F1: 0.9714
2026-03-15 17:04:30,637 [INFO] *** 发现新最佳模型 (AUC: 0.9952)，已保存 ***
2026-03-15 17:04:30,637 [INFO] 
--- 训练结束。总耗时: 0:48:34 ---
2026-03-15 17:04:30,637 [INFO] 开始在测试集上评估最佳模型...
2026-03-15 17:04:42,750 [INFO] 测试集最终结果 -> AUC: 0.9976, Acc: 0.9790, F1: 0.9788
2026-03-15 17:04:42,750 [INFO] 结果文件夹已重命名为: ./results/dataset-A_AUC0.9952_ACC0.9719_03-15-161556
2026-03-15 17:04:42,751 [INFO] --- 任务全部完成 ---
