2026-03-19 18:11:29,573 [INFO] --- 开始训练任务: 03-19-181129 ---
2026-03-19 18:11:29,573 [INFO] 使用设备: cuda
2026-03-19 18:11:29,573 [INFO] 结果输出目录: ./results/DCT_Temp_dataset-A-DCT_03-19-181129
2026-03-19 18:11:29,573 [INFO] 配置参数: Namespace(dataset='dataset-A-DCT', data_root='/hy-tmp/PG-MOE-Project', lr=0.0001, epochs=20, batch_size=128, num_workers=4, results_dir='./results')
2026-03-19 18:11:29,573 [INFO] 加载数据集: /hy-tmp/PG-MOE-Project/dataset-A-DCT
2026-03-19 18:11:29,927 [INFO] 开始训练...
2026-03-19 18:11:29,927 [INFO] 
--- Epoch 1/20 (LR: 0.000100) ---
2026-03-19 18:11:37,728 [INFO] Train Loss: 0.6697
2026-03-19 18:11:38,371 [INFO] Val Loss: 0.6652 | FPS: 1574.08
2026-03-19 18:11:38,371 [INFO] Val Metrics -> AUC: 0.6388, Acc: 0.5792, F1: 0.6453
2026-03-19 18:11:38,371 [INFO] 当前 Epoch 真实显存峰值占用: 3.60 GB
2026-03-19 18:11:38,441 [INFO] *** 发现新最佳模型 (AUC: 0.6388)，已保存 ***
2026-03-19 18:11:38,441 [INFO] 
--- Epoch 2/20 (LR: 0.000099) ---
2026-03-19 18:11:45,605 [INFO] Train Loss: 0.4876
2026-03-19 18:11:46,274 [INFO] Val Loss: 1.5956 | FPS: 1525.55
2026-03-19 18:11:46,274 [INFO] Val Metrics -> AUC: 0.6636, Acc: 0.5060, F1: 0.6693
2026-03-19 18:11:46,274 [INFO] 当前 Epoch 真实显存峰值占用: 3.60 GB
2026-03-19 18:11:46,357 [INFO] *** 发现新最佳模型 (AUC: 0.6636)，已保存 ***
2026-03-19 18:11:46,357 [INFO] 
--- Epoch 3/20 (LR: 0.000098) ---
2026-03-19 18:11:53,608 [INFO] Train Loss: 0.1507
2026-03-19 18:11:54,225 [INFO] Val Loss: 1.1661 | FPS: 1638.06
2026-03-19 18:11:54,225 [INFO] Val Metrics -> AUC: 0.6346, Acc: 0.5882, F1: 0.6589
2026-03-19 18:11:54,226 [INFO] 当前 Epoch 真实显存峰值占用: 3.60 GB
2026-03-19 18:11:54,226 [INFO] 验证集 AUC 未提升. 已连续 1 轮未提升。
2026-03-19 18:11:54,226 [INFO] 
--- Epoch 4/20 (LR: 0.000095) ---
2026-03-19 18:12:01,464 [INFO] Train Loss: 0.0284
2026-03-19 18:12:02,078 [INFO] Val Loss: 1.1698 | FPS: 1646.69
2026-03-19 18:12:02,078 [INFO] Val Metrics -> AUC: 0.6418, Acc: 0.5902, F1: 0.6299
2026-03-19 18:12:02,078 [INFO] 当前 Epoch 真实显存峰值占用: 3.60 GB
2026-03-19 18:12:02,078 [INFO] 验证集 AUC 未提升. 已连续 2 轮未提升。
2026-03-19 18:12:02,078 [INFO] 
--- Epoch 5/20 (LR: 0.000091) ---
2026-03-19 18:12:09,281 [INFO] Train Loss: 0.0076
2026-03-19 18:12:09,905 [INFO] Val Loss: 1.1657 | FPS: 1618.31
2026-03-19 18:12:09,905 [INFO] Val Metrics -> AUC: 0.6471, Acc: 0.6112, F1: 0.6049
2026-03-19 18:12:09,906 [INFO] 当前 Epoch 真实显存峰值占用: 3.60 GB
2026-03-19 18:12:09,906 [INFO] 验证集 AUC 未提升. 已连续 3 轮未提升。
2026-03-19 18:12:09,906 [INFO] 
--- Epoch 6/20 (LR: 0.000086) ---
2026-03-19 18:12:17,123 [INFO] Train Loss: 0.0026
2026-03-19 18:12:17,800 [INFO] Val Loss: 1.1648 | FPS: 1490.25
2026-03-19 18:12:17,800 [INFO] Val Metrics -> AUC: 0.6517, Acc: 0.6162, F1: 0.6080
2026-03-19 18:12:17,801 [INFO] 当前 Epoch 真实显存峰值占用: 3.60 GB
2026-03-19 18:12:17,801 [INFO] 验证集 AUC 未提升. 已连续 4 轮未提升。
2026-03-19 18:12:17,801 [INFO] 
--- Epoch 7/20 (LR: 0.000080) ---
2026-03-19 18:12:25,076 [INFO] Train Loss: 0.0017
2026-03-19 18:12:25,712 [INFO] Val Loss: 1.1668 | FPS: 1592.13
2026-03-19 18:12:25,712 [INFO] Val Metrics -> AUC: 0.6521, Acc: 0.6112, F1: 0.6112
2026-03-19 18:12:25,712 [INFO] 当前 Epoch 真实显存峰值占用: 3.60 GB
2026-03-19 18:12:25,712 [INFO] 验证集 AUC 未提升. 已连续 5 轮未提升。
2026-03-19 18:12:25,712 [INFO] 
--- Epoch 8/20 (LR: 0.000073) ---
2026-03-19 18:12:32,968 [INFO] Train Loss: 0.0012
2026-03-19 18:12:33,652 [INFO] Val Loss: 1.1721 | FPS: 1475.71
2026-03-19 18:12:33,653 [INFO] Val Metrics -> AUC: 0.6527, Acc: 0.6072, F1: 0.6103
2026-03-19 18:12:33,653 [INFO] 当前 Epoch 真实显存峰值占用: 3.60 GB
2026-03-19 18:12:33,653 [INFO] 验证集 AUC 未提升. 已连续 6 轮未提升。
2026-03-19 18:12:33,653 [INFO] 
--- Epoch 9/20 (LR: 0.000066) ---
2026-03-19 18:12:40,859 [INFO] Train Loss: 0.0011
2026-03-19 18:12:41,556 [INFO] Val Loss: 1.1852 | FPS: 1448.27
2026-03-19 18:12:41,556 [INFO] Val Metrics -> AUC: 0.6521, Acc: 0.6112, F1: 0.6049
2026-03-19 18:12:41,557 [INFO] 当前 Epoch 真实显存峰值占用: 3.60 GB
2026-03-19 18:12:41,557 [INFO] 验证集 AUC 未提升. 已连续 7 轮未提升。
2026-03-19 18:12:41,557 [INFO] 
--- Epoch 10/20 (LR: 0.000058) ---
2026-03-19 18:12:48,798 [INFO] Train Loss: 0.0010
2026-03-19 18:12:49,485 [INFO] Val Loss: 1.1900 | FPS: 1469.40
2026-03-19 18:12:49,485 [INFO] Val Metrics -> AUC: 0.6524, Acc: 0.6132, F1: 0.6132
2026-03-19 18:12:49,485 [INFO] 当前 Epoch 真实显存峰值占用: 3.60 GB
2026-03-19 18:12:49,485 [INFO] 验证集 AUC 未提升. 已连续 8 轮未提升。
2026-03-19 18:12:49,485 [INFO] 
--- Epoch 11/20 (LR: 0.000051) ---
2026-03-19 18:12:56,786 [INFO] Train Loss: 0.0009
2026-03-19 18:12:57,395 [INFO] Val Loss: 1.2036 | FPS: 1660.84
2026-03-19 18:12:57,395 [INFO] Val Metrics -> AUC: 0.6530, Acc: 0.6082, F1: 0.5998
2026-03-19 18:12:57,396 [INFO] 当前 Epoch 真实显存峰值占用: 3.60 GB
2026-03-19 18:12:57,396 [INFO] 验证集 AUC 未提升. 已连续 9 轮未提升。
2026-03-19 18:12:57,396 [INFO] 
--- Epoch 12/20 (LR: 0.000043) ---
2026-03-19 18:13:04,630 [INFO] Train Loss: 0.0007
2026-03-19 18:13:05,317 [INFO] Val Loss: 1.1960 | FPS: 1468.93
2026-03-19 18:13:05,318 [INFO] Val Metrics -> AUC: 0.6525, Acc: 0.6102, F1: 0.6114
2026-03-19 18:13:05,318 [INFO] 当前 Epoch 真实显存峰值占用: 3.60 GB
2026-03-19 18:13:05,318 [INFO] 验证集 AUC 未提升. 已连续 10 轮未提升。
2026-03-19 18:13:05,318 [INFO] 
--- Epoch 13/20 (LR: 0.000035) ---
2026-03-19 18:13:12,594 [INFO] Train Loss: 0.0007
2026-03-19 18:13:13,212 [INFO] Val Loss: 1.2043 | FPS: 1649.71
2026-03-19 18:13:13,213 [INFO] Val Metrics -> AUC: 0.6517, Acc: 0.6122, F1: 0.6095
2026-03-19 18:13:13,213 [INFO] 当前 Epoch 真实显存峰值占用: 3.60 GB
2026-03-19 18:13:13,213 [INFO] 验证集 AUC 未提升. 已连续 11 轮未提升。
2026-03-19 18:13:13,213 [INFO] 
--- Epoch 14/20 (LR: 0.000028) ---
2026-03-19 18:13:20,496 [INFO] Train Loss: 0.0006
2026-03-19 18:13:21,164 [INFO] Val Loss: 1.2054 | FPS: 1510.23
2026-03-19 18:13:21,164 [INFO] Val Metrics -> AUC: 0.6517, Acc: 0.6092, F1: 0.6084
2026-03-19 18:13:21,165 [INFO] 当前 Epoch 真实显存峰值占用: 3.60 GB
2026-03-19 18:13:21,165 [INFO] 验证集 AUC 未提升. 已连续 12 轮未提升。
2026-03-19 18:13:21,165 [INFO] 
--- Epoch 15/20 (LR: 0.000021) ---
2026-03-19 18:13:28,453 [INFO] Train Loss: 0.0006
2026-03-19 18:13:29,059 [INFO] Val Loss: 1.2255 | FPS: 1669.72
2026-03-19 18:13:29,059 [INFO] Val Metrics -> AUC: 0.6522, Acc: 0.6112, F1: 0.5950
2026-03-19 18:13:29,059 [INFO] 当前 Epoch 真实显存峰值占用: 3.60 GB
2026-03-19 18:13:29,060 [INFO] 验证集 AUC 未提升. 已连续 13 轮未提升。
2026-03-19 18:13:29,060 [INFO] 
--- Epoch 16/20 (LR: 0.000015) ---
2026-03-19 18:13:36,378 [INFO] Train Loss: 0.0006
2026-03-19 18:13:37,090 [INFO] Val Loss: 1.2096 | FPS: 1430.15
2026-03-19 18:13:37,090 [INFO] Val Metrics -> AUC: 0.6523, Acc: 0.6112, F1: 0.6097
2026-03-19 18:13:37,091 [INFO] 当前 Epoch 真实显存峰值占用: 3.60 GB
2026-03-19 18:13:37,091 [INFO] 验证集 AUC 未提升. 已连续 14 轮未提升。
2026-03-19 18:13:37,091 [INFO] 
--- Epoch 17/20 (LR: 0.000010) ---
2026-03-19 18:13:44,421 [INFO] Train Loss: 0.0006
2026-03-19 18:13:45,010 [INFO] Val Loss: 1.2229 | FPS: 1717.73
2026-03-19 18:13:45,010 [INFO] Val Metrics -> AUC: 0.6522, Acc: 0.6172, F1: 0.6078
2026-03-19 18:13:45,010 [INFO] 当前 Epoch 真实显存峰值占用: 3.60 GB
2026-03-19 18:13:45,010 [INFO] 验证集 AUC 未提升. 已连续 15 轮未提升。
2026-03-19 18:13:45,010 [INFO] 
--- Epoch 18/20 (LR: 0.000006) ---
2026-03-19 18:13:52,271 [INFO] Train Loss: 0.0006
2026-03-19 18:13:52,931 [INFO] Val Loss: 1.2127 | FPS: 1531.53
2026-03-19 18:13:52,931 [INFO] Val Metrics -> AUC: 0.6522, Acc: 0.6082, F1: 0.6109
2026-03-19 18:13:52,931 [INFO] 当前 Epoch 真实显存峰值占用: 3.60 GB
2026-03-19 18:13:52,931 [INFO] 验证集 AUC 未提升. 已连续 16 轮未提升。
2026-03-19 18:13:52,931 [INFO] 
--- Epoch 19/20 (LR: 0.000003) ---
2026-03-19 18:14:00,188 [INFO] Train Loss: 0.0006
2026-03-19 18:14:00,890 [INFO] Val Loss: 1.2154 | FPS: 1440.04
2026-03-19 18:14:00,890 [INFO] Val Metrics -> AUC: 0.6522, Acc: 0.6112, F1: 0.6065
2026-03-19 18:14:00,890 [INFO] 当前 Epoch 真实显存峰值占用: 3.60 GB
2026-03-19 18:14:00,890 [INFO] 验证集 AUC 未提升. 已连续 17 轮未提升。
2026-03-19 18:14:00,890 [INFO] 
--- Epoch 20/20 (LR: 0.000002) ---
2026-03-19 18:14:08,173 [INFO] Train Loss: 0.0006
2026-03-19 18:14:08,783 [INFO] Val Loss: 1.2183 | FPS: 1660.17
2026-03-19 18:14:08,783 [INFO] Val Metrics -> AUC: 0.6525, Acc: 0.6122, F1: 0.6055
2026-03-19 18:14:08,783 [INFO] 当前 Epoch 真实显存峰值占用: 3.60 GB
2026-03-19 18:14:08,783 [INFO] 验证集 AUC 未提升. 已连续 18 轮未提升。
2026-03-19 18:14:08,783 [INFO] 
--- 训练结束。总耗时: 0:02:39 ---
2026-03-19 18:14:08,783 [INFO] 开始在测试集上评估最佳模型...
2026-03-19 18:14:09,464 [INFO] 测试集最终结果 -> AUC: 0.6873, Acc: 0.5070, F1: 0.6702
2026-03-19 18:14:09,464 [INFO] 结果文件夹已重命名为: ./results/DCT_dataset-A-DCT_AUC0.6636_ACC0.5060_03-19-181129
