2026-03-19 18:18:57,178 [INFO] --- 开始训练任务: 03-19-181857 ---
2026-03-19 18:18:57,178 [INFO] 使用设备: cuda
2026-03-19 18:18:57,178 [INFO] 结果输出目录: ./results/DCT_Temp_dataset-B-DCT_03-19-181857
2026-03-19 18:18:57,178 [INFO] 配置参数: Namespace(dataset='dataset-B-DCT', data_root='/hy-tmp/PG-MOE-Project', lr=0.0001, epochs=20, batch_size=128, num_workers=4, results_dir='./results')
2026-03-19 18:18:57,178 [INFO] 加载数据集: /hy-tmp/PG-MOE-Project/dataset-B-DCT
2026-03-19 18:18:57,646 [INFO] 开始训练...
2026-03-19 18:18:57,647 [INFO] 
--- Epoch 1/20 (LR: 0.000100) ---
2026-03-19 18:20:01,511 [INFO] Train Loss: 0.5405
2026-03-19 18:20:04,615 [INFO] Val Loss: 0.4502 | FPS: 3186.98
2026-03-19 18:20:04,615 [INFO] Val Metrics -> AUC: 0.8748, Acc: 0.7901, F1: 0.7799
2026-03-19 18:20:04,615 [INFO] 当前 Epoch 真实显存峰值占用: 3.60 GB
2026-03-19 18:20:04,674 [INFO] *** 发现新最佳模型 (AUC: 0.8748)，已保存 ***
2026-03-19 18:20:04,674 [INFO] 
--- Epoch 2/20 (LR: 0.000099) ---
2026-03-19 18:21:08,491 [INFO] Train Loss: 0.3946
2026-03-19 18:21:11,623 [INFO] Val Loss: 0.3988 | FPS: 3157.57
2026-03-19 18:21:11,623 [INFO] Val Metrics -> AUC: 0.9063, Acc: 0.8195, F1: 0.8302
2026-03-19 18:21:11,624 [INFO] 当前 Epoch 真实显存峰值占用: 3.60 GB
2026-03-19 18:21:11,691 [INFO] *** 发现新最佳模型 (AUC: 0.9063)，已保存 ***
2026-03-19 18:21:11,691 [INFO] 
--- Epoch 3/20 (LR: 0.000098) ---
2026-03-19 18:22:15,671 [INFO] Train Loss: 0.3087
2026-03-19 18:22:18,801 [INFO] Val Loss: 0.3933 | FPS: 3173.68
2026-03-19 18:22:18,802 [INFO] Val Metrics -> AUC: 0.9123, Acc: 0.8267, F1: 0.8349
2026-03-19 18:22:18,802 [INFO] 当前 Epoch 真实显存峰值占用: 3.60 GB
2026-03-19 18:22:18,882 [INFO] *** 发现新最佳模型 (AUC: 0.9123)，已保存 ***
2026-03-19 18:22:18,882 [INFO] 
--- Epoch 4/20 (LR: 0.000095) ---
2026-03-19 18:23:22,915 [INFO] Train Loss: 0.2079
2026-03-19 18:23:26,006 [INFO] Val Loss: 0.4374 | FPS: 3199.88
2026-03-19 18:23:26,006 [INFO] Val Metrics -> AUC: 0.9100, Acc: 0.8247, F1: 0.8342
2026-03-19 18:23:26,006 [INFO] 当前 Epoch 真实显存峰值占用: 3.60 GB
2026-03-19 18:23:26,007 [INFO] 验证集 AUC 未提升. 已连续 1 轮未提升。
2026-03-19 18:23:26,007 [INFO] 
--- Epoch 5/20 (LR: 0.000091) ---
2026-03-19 18:24:30,079 [INFO] Train Loss: 0.1057
2026-03-19 18:24:33,101 [INFO] Val Loss: 0.7005 | FPS: 3272.40
2026-03-19 18:24:33,101 [INFO] Val Metrics -> AUC: 0.9062, Acc: 0.7938, F1: 0.7642
2026-03-19 18:24:33,102 [INFO] 当前 Epoch 真实显存峰值占用: 3.60 GB
2026-03-19 18:24:33,102 [INFO] 验证集 AUC 未提升. 已连续 2 轮未提升。
2026-03-19 18:24:33,102 [INFO] 
--- Epoch 6/20 (LR: 0.000086) ---
2026-03-19 18:25:37,121 [INFO] Train Loss: 0.0497
2026-03-19 18:25:40,190 [INFO] Val Loss: 0.7383 | FPS: 3221.78
2026-03-19 18:25:40,190 [INFO] Val Metrics -> AUC: 0.9066, Acc: 0.8078, F1: 0.7902
2026-03-19 18:25:40,191 [INFO] 当前 Epoch 真实显存峰值占用: 3.60 GB
2026-03-19 18:25:40,191 [INFO] 验证集 AUC 未提升. 已连续 3 轮未提升。
2026-03-19 18:25:40,191 [INFO] 
--- Epoch 7/20 (LR: 0.000080) ---
2026-03-19 18:26:44,228 [INFO] Train Loss: 0.0278
2026-03-19 18:26:47,243 [INFO] Val Loss: 0.7800 | FPS: 3280.67
2026-03-19 18:26:47,243 [INFO] Val Metrics -> AUC: 0.9084, Acc: 0.8199, F1: 0.8077
2026-03-19 18:26:47,243 [INFO] 当前 Epoch 真实显存峰值占用: 3.60 GB
2026-03-19 18:26:47,243 [INFO] 验证集 AUC 未提升. 已连续 4 轮未提升。
2026-03-19 18:26:47,243 [INFO] 
--- Epoch 8/20 (LR: 0.000073) ---
2026-03-19 18:27:51,295 [INFO] Train Loss: 0.0211
2026-03-19 18:27:54,417 [INFO] Val Loss: 0.7506 | FPS: 3178.04
2026-03-19 18:27:54,417 [INFO] Val Metrics -> AUC: 0.9065, Acc: 0.8210, F1: 0.8118
2026-03-19 18:27:54,418 [INFO] 当前 Epoch 真实显存峰值占用: 3.60 GB
2026-03-19 18:27:54,418 [INFO] 验证集 AUC 未提升. 已连续 5 轮未提升。
2026-03-19 18:27:54,418 [INFO] 
--- Epoch 9/20 (LR: 0.000066) ---
2026-03-19 18:28:58,510 [INFO] Train Loss: 0.0182
2026-03-19 18:29:01,521 [INFO] Val Loss: 0.8995 | FPS: 3284.07
2026-03-19 18:29:01,522 [INFO] Val Metrics -> AUC: 0.9104, Acc: 0.8123, F1: 0.8323
2026-03-19 18:29:01,522 [INFO] 当前 Epoch 真实显存峰值占用: 3.60 GB
2026-03-19 18:29:01,522 [INFO] 验证集 AUC 未提升. 已连续 6 轮未提升。
2026-03-19 18:29:01,522 [INFO] 
--- Epoch 10/20 (LR: 0.000058) ---
2026-03-19 18:30:05,599 [INFO] Train Loss: 0.0082
2026-03-19 18:30:08,714 [INFO] Val Loss: 0.7995 | FPS: 3176.58
2026-03-19 18:30:08,714 [INFO] Val Metrics -> AUC: 0.9086, Acc: 0.8285, F1: 0.8271
2026-03-19 18:30:08,714 [INFO] 当前 Epoch 真实显存峰值占用: 3.60 GB
2026-03-19 18:30:08,714 [INFO] 验证集 AUC 未提升. 已连续 7 轮未提升。
2026-03-19 18:30:08,714 [INFO] 
--- Epoch 11/20 (LR: 0.000051) ---
2026-03-19 18:31:12,774 [INFO] Train Loss: 0.0058
2026-03-19 18:31:15,822 [INFO] Val Loss: 0.8347 | FPS: 3245.14
2026-03-19 18:31:15,822 [INFO] Val Metrics -> AUC: 0.9102, Acc: 0.8299, F1: 0.8297
2026-03-19 18:31:15,822 [INFO] 当前 Epoch 真实显存峰值占用: 3.60 GB
2026-03-19 18:31:15,822 [INFO] 验证集 AUC 未提升. 已连续 8 轮未提升。
2026-03-19 18:31:15,823 [INFO] 
--- Epoch 12/20 (LR: 0.000043) ---
2026-03-19 18:32:19,869 [INFO] Train Loss: 0.0035
2026-03-19 18:32:22,911 [INFO] Val Loss: 0.9191 | FPS: 3250.93
2026-03-19 18:32:22,911 [INFO] Val Metrics -> AUC: 0.9051, Acc: 0.8204, F1: 0.8323
2026-03-19 18:32:22,911 [INFO] 当前 Epoch 真实显存峰值占用: 3.60 GB
2026-03-19 18:32:22,911 [INFO] 验证集 AUC 未提升. 已连续 9 轮未提升。
2026-03-19 18:32:22,911 [INFO] 
--- Epoch 13/20 (LR: 0.000035) ---
2026-03-19 18:33:26,969 [INFO] Train Loss: 0.0017
2026-03-19 18:33:29,999 [INFO] Val Loss: 0.8513 | FPS: 3263.53
2026-03-19 18:33:30,000 [INFO] Val Metrics -> AUC: 0.9133, Acc: 0.8358, F1: 0.8403
2026-03-19 18:33:30,000 [INFO] 当前 Epoch 真实显存峰值占用: 3.60 GB
2026-03-19 18:33:30,065 [INFO] *** 发现新最佳模型 (AUC: 0.9133)，已保存 ***
2026-03-19 18:33:30,065 [INFO] 
--- Epoch 14/20 (LR: 0.000028) ---
2026-03-19 18:34:34,103 [INFO] Train Loss: 0.0007
2026-03-19 18:34:37,204 [INFO] Val Loss: 0.8712 | FPS: 3189.40
2026-03-19 18:34:37,204 [INFO] Val Metrics -> AUC: 0.9125, Acc: 0.8342, F1: 0.8374
2026-03-19 18:34:37,204 [INFO] 当前 Epoch 真实显存峰值占用: 3.60 GB
2026-03-19 18:34:37,204 [INFO] 验证集 AUC 未提升. 已连续 1 轮未提升。
2026-03-19 18:34:37,204 [INFO] 
--- Epoch 15/20 (LR: 0.000021) ---
2026-03-19 18:35:41,213 [INFO] Train Loss: 0.0005
2026-03-19 18:35:44,267 [INFO] Val Loss: 0.8544 | FPS: 3238.56
2026-03-19 18:35:44,267 [INFO] Val Metrics -> AUC: 0.9145, Acc: 0.8371, F1: 0.8392
2026-03-19 18:35:44,267 [INFO] 当前 Epoch 真实显存峰值占用: 3.60 GB
2026-03-19 18:35:44,335 [INFO] *** 发现新最佳模型 (AUC: 0.9145)，已保存 ***
2026-03-19 18:35:44,335 [INFO] 
--- Epoch 16/20 (LR: 0.000015) ---
2026-03-19 18:36:48,267 [INFO] Train Loss: 0.0003
2026-03-19 18:36:51,378 [INFO] Val Loss: 0.8772 | FPS: 3179.64
2026-03-19 18:36:51,379 [INFO] Val Metrics -> AUC: 0.9141, Acc: 0.8363, F1: 0.8415
2026-03-19 18:36:51,379 [INFO] 当前 Epoch 真实显存峰值占用: 3.60 GB
2026-03-19 18:36:51,379 [INFO] 验证集 AUC 未提升. 已连续 1 轮未提升。
2026-03-19 18:36:51,379 [INFO] 
--- Epoch 17/20 (LR: 0.000010) ---
2026-03-19 18:37:55,423 [INFO] Train Loss: 0.0002
2026-03-19 18:37:58,524 [INFO] Val Loss: 0.8875 | FPS: 3191.43
2026-03-19 18:37:58,524 [INFO] Val Metrics -> AUC: 0.9134, Acc: 0.8351, F1: 0.8410
2026-03-19 18:37:58,524 [INFO] 当前 Epoch 真实显存峰值占用: 3.60 GB
2026-03-19 18:37:58,524 [INFO] 验证集 AUC 未提升. 已连续 2 轮未提升。
2026-03-19 18:37:58,524 [INFO] 
--- Epoch 18/20 (LR: 0.000006) ---
2026-03-19 18:39:02,555 [INFO] Train Loss: 0.0002
2026-03-19 18:39:05,677 [INFO] Val Loss: 0.8802 | FPS: 3178.82
2026-03-19 18:39:05,677 [INFO] Val Metrics -> AUC: 0.9145, Acc: 0.8359, F1: 0.8401
2026-03-19 18:39:05,677 [INFO] 当前 Epoch 真实显存峰值占用: 3.60 GB
2026-03-19 18:39:05,759 [INFO] *** 发现新最佳模型 (AUC: 0.9145)，已保存 ***
2026-03-19 18:39:05,759 [INFO] 
--- Epoch 19/20 (LR: 0.000003) ---
2026-03-19 18:40:09,888 [INFO] Train Loss: 0.0002
2026-03-19 18:40:12,972 [INFO] Val Loss: 0.8876 | FPS: 3207.50
2026-03-19 18:40:12,972 [INFO] Val Metrics -> AUC: 0.9139, Acc: 0.8358, F1: 0.8400
2026-03-19 18:40:12,973 [INFO] 当前 Epoch 真实显存峰值占用: 3.60 GB
2026-03-19 18:40:12,973 [INFO] 验证集 AUC 未提升. 已连续 4 轮未提升。
2026-03-19 18:40:12,973 [INFO] 
--- Epoch 20/20 (LR: 0.000002) ---
2026-03-19 18:41:17,021 [INFO] Train Loss: 0.0002
2026-03-19 18:41:20,109 [INFO] Val Loss: 0.9108 | FPS: 3202.56
2026-03-19 18:41:20,109 [INFO] Val Metrics -> AUC: 0.9137, Acc: 0.8353, F1: 0.8428
2026-03-19 18:41:20,110 [INFO] 当前 Epoch 真实显存峰值占用: 3.60 GB
2026-03-19 18:41:20,110 [INFO] 验证集 AUC 未提升. 已连续 5 轮未提升。
2026-03-19 18:41:20,110 [INFO] 
--- 训练结束。总耗时: 0:22:22 ---
2026-03-19 18:41:20,110 [INFO] 开始在测试集上评估最佳模型...
2026-03-19 18:41:23,278 [INFO] 测试集最终结果 -> AUC: 0.9097, Acc: 0.8307, F1: 0.8349
2026-03-19 18:41:23,278 [INFO] 结果文件夹已重命名为: ./results/DCT_dataset-B-DCT_AUC0.9145_ACC0.8359_03-19-181857
