2026-03-15 23:07:51,931 [INFO] --- 开始训练任务: 03-15-230751 ---
2026-03-15 23:07:51,931 [INFO] 使用设备: cuda
2026-03-15 23:07:51,931 [INFO] 结果输出目录: ./results/Temp_dataset-B_03-15-230751
2026-03-15 23:07:51,931 [INFO] 配置参数: Namespace(dataset='dataset-B', data_root='./datasets', lr=0.0002, epochs=40, batch_size=128, lambda_orth=0.05, num_workers=8, results_dir='./results')
2026-03-15 23:07:51,931 [INFO] 加载数据集: ./datasets/dataset-B
2026-03-15 23:07:52,087 [INFO] Parsing model identifier. Schema: None, Identifier: ViT-L-14
2026-03-15 23:07:52,087 [INFO] Loaded built-in ViT-L-14 model config.
2026-03-15 23:07:52,087 [INFO] `pretrained` specifies file path: ./pretrained_models/open_clip_pytorch_model.bin
2026-03-15 23:07:52,087 [INFO] Instantiating model architecture: CLIP
2026-03-15 23:07:55,554 [INFO] Loading full pretrained weights from: ./pretrained_models/open_clip_pytorch_model.bin
2026-03-15 23:07:57,788 [INFO] Final image preprocessing configuration set: {'size': (224, 224), 'mode': 'RGB', 'mean': (0.48145466, 0.4578275, 0.40821073), 'std': (0.26862954, 0.26130258, 0.27577711), 'interpolation': 'bicubic', 'resize_mode': 'shortest', 'fill_color': 0}
2026-03-15 23:07:57,789 [INFO] Model ViT-L-14 creation process complete.
2026-03-15 23:07:58,426 [INFO] 开始训练...
2026-03-15 23:07:58,426 [INFO] 
--- Epoch 1/40 (LR: 0.000200) ---
2026-03-15 23:21:33,735 [INFO] Train Loss -> Total: 0.1811, BCE: 0.1808, Orth: 0.0054
2026-03-15 23:23:15,091 [INFO] Val Loss: 0.0641 | FPS: 97.15
2026-03-15 23:23:15,091 [INFO] Val Metrics -> AUC: 0.9974, Acc: 0.9776, F1: 0.9780
2026-03-15 23:23:17,060 [INFO] *** 发现新最佳模型 (AUC: 0.9974)，已保存 ***
2026-03-15 23:23:17,060 [INFO] 
--- Epoch 2/40 (LR: 0.000200) ---
2026-03-15 23:36:50,378 [INFO] Train Loss -> Total: 0.0513, BCE: 0.0512, Orth: 0.0022
2026-03-15 23:38:31,349 [INFO] Val Loss: 0.0974 | FPS: 97.52
2026-03-15 23:38:31,350 [INFO] Val Metrics -> AUC: 0.9983, Acc: 0.9637, F1: 0.9654
2026-03-15 23:38:33,581 [INFO] *** 发现新最佳模型 (AUC: 0.9983)，已保存 ***
2026-03-15 23:38:33,581 [INFO] 
--- Epoch 3/40 (LR: 0.000199) ---
2026-03-15 23:52:06,462 [INFO] Train Loss -> Total: 0.0399, BCE: 0.0399, Orth: 0.0011
2026-03-15 23:53:47,315 [INFO] Val Loss: 0.0521 | FPS: 97.65
2026-03-15 23:53:47,315 [INFO] Val Metrics -> AUC: 0.9983, Acc: 0.9831, F1: 0.9833
2026-03-15 23:53:49,537 [INFO] *** 发现新最佳模型 (AUC: 0.9983)，已保存 ***
2026-03-15 23:53:49,537 [INFO] 
--- Epoch 4/40 (LR: 0.000197) ---
2026-03-16 00:07:21,965 [INFO] Train Loss -> Total: 0.0323, BCE: 0.0323, Orth: 0.0008
2026-03-16 00:09:03,089 [INFO] Val Loss: 0.0516 | FPS: 97.39
2026-03-16 00:09:03,089 [INFO] Val Metrics -> AUC: 0.9984, Acc: 0.9826, F1: 0.9830
2026-03-16 00:09:05,335 [INFO] *** 发现新最佳模型 (AUC: 0.9984)，已保存 ***
2026-03-16 00:09:05,335 [INFO] 
--- Epoch 5/40 (LR: 0.000195) ---
2026-03-16 00:22:39,452 [INFO] Train Loss -> Total: 0.0284, BCE: 0.0284, Orth: 0.0008
2026-03-16 00:24:20,833 [INFO] Val Loss: 0.0509 | FPS: 97.15
2026-03-16 00:24:20,834 [INFO] Val Metrics -> AUC: 0.9988, Acc: 0.9822, F1: 0.9823
2026-03-16 00:24:23,070 [INFO] *** 发现新最佳模型 (AUC: 0.9988)，已保存 ***
2026-03-16 00:24:23,070 [INFO] 
--- Epoch 6/40 (LR: 0.000192) ---
2026-03-16 00:37:57,809 [INFO] Train Loss -> Total: 0.0246, BCE: 0.0246, Orth: 0.0005
2026-03-16 00:39:39,186 [INFO] Val Loss: 0.0581 | FPS: 97.15
2026-03-16 00:39:39,186 [INFO] Val Metrics -> AUC: 0.9991, Acc: 0.9811, F1: 0.9811
2026-03-16 00:39:41,413 [INFO] *** 发现新最佳模型 (AUC: 0.9991)，已保存 ***
2026-03-16 00:39:41,413 [INFO] 
--- Epoch 7/40 (LR: 0.000189) ---
2026-03-16 00:53:16,779 [INFO] Train Loss -> Total: 0.0206, BCE: 0.0205, Orth: 0.0005
2026-03-16 00:54:58,104 [INFO] Val Loss: 0.1381 | FPS: 97.18
2026-03-16 00:54:58,104 [INFO] Val Metrics -> AUC: 0.9989, Acc: 0.9578, F1: 0.9601
2026-03-16 00:54:58,104 [INFO] 
--- Epoch 8/40 (LR: 0.000185) ---
2026-03-16 01:08:33,809 [INFO] Train Loss -> Total: 0.0167, BCE: 0.0166, Orth: 0.0005
2026-03-16 01:10:15,211 [INFO] Val Loss: 0.0547 | FPS: 97.11
2026-03-16 01:10:15,211 [INFO] Val Metrics -> AUC: 0.9989, Acc: 0.9843, F1: 0.9846
2026-03-16 01:10:15,211 [INFO] 
--- Epoch 9/40 (LR: 0.000181) ---
2026-03-16 01:23:50,913 [INFO] Train Loss -> Total: 0.0147, BCE: 0.0147, Orth: 0.0004
2026-03-16 01:25:32,268 [INFO] Val Loss: 0.1961 | FPS: 97.16
2026-03-16 01:25:32,269 [INFO] Val Metrics -> AUC: 0.9989, Acc: 0.9531, F1: 0.9557
2026-03-16 01:25:32,269 [INFO] 
--- Epoch 10/40 (LR: 0.000176) ---
2026-03-16 01:39:05,592 [INFO] Train Loss -> Total: 0.0118, BCE: 0.0118, Orth: 0.0004
2026-03-16 01:40:46,650 [INFO] Val Loss: 0.6311 | FPS: 97.44
2026-03-16 01:40:46,650 [INFO] Val Metrics -> AUC: 0.9948, Acc: 0.9014, F1: 0.9115
2026-03-16 01:40:46,650 [INFO] 
--- Epoch 11/40 (LR: 0.000171) ---
2026-03-16 01:54:19,270 [INFO] Train Loss -> Total: 0.0102, BCE: 0.0102, Orth: 0.0003
2026-03-16 01:56:00,219 [INFO] Val Loss: 0.1144 | FPS: 97.54
2026-03-16 01:56:00,219 [INFO] Val Metrics -> AUC: 0.9985, Acc: 0.9739, F1: 0.9749
2026-03-16 01:56:00,219 [INFO] 
--- Epoch 12/40 (LR: 0.000165) ---
2026-03-16 02:09:32,847 [INFO] Train Loss -> Total: 0.0083, BCE: 0.0082, Orth: 0.0002
2026-03-16 02:11:13,637 [INFO] Val Loss: 0.0582 | FPS: 97.70
2026-03-16 02:11:13,637 [INFO] Val Metrics -> AUC: 0.9991, Acc: 0.9845, F1: 0.9848
2026-03-16 02:11:15,844 [INFO] *** 发现新最佳模型 (AUC: 0.9991)，已保存 ***
2026-03-16 02:11:15,844 [INFO] 
--- Epoch 13/40 (LR: 0.000159) ---
2026-03-16 02:24:47,993 [INFO] Train Loss -> Total: 0.0075, BCE: 0.0075, Orth: 0.0002
2026-03-16 02:26:28,857 [INFO] Val Loss: 0.2745 | FPS: 97.64
2026-03-16 02:26:28,857 [INFO] Val Metrics -> AUC: 0.9980, Acc: 0.9486, F1: 0.9517
2026-03-16 02:26:28,857 [INFO] 
--- Epoch 14/40 (LR: 0.000152) ---
2026-03-16 02:40:01,302 [INFO] Train Loss -> Total: 0.0061, BCE: 0.0061, Orth: 0.0002
2026-03-16 02:41:41,969 [INFO] Val Loss: 0.0751 | FPS: 97.81
2026-03-16 02:41:41,969 [INFO] Val Metrics -> AUC: 0.9991, Acc: 0.9793, F1: 0.9793
2026-03-16 02:41:44,183 [INFO] *** 发现新最佳模型 (AUC: 0.9991)，已保存 ***
2026-03-16 02:41:44,183 [INFO] 
--- Epoch 15/40 (LR: 0.000146) ---
2026-03-16 02:55:15,974 [INFO] Train Loss -> Total: 0.0049, BCE: 0.0049, Orth: 0.0002
2026-03-16 02:56:56,731 [INFO] Val Loss: 0.1466 | FPS: 97.75
2026-03-16 02:56:56,731 [INFO] Val Metrics -> AUC: 0.9988, Acc: 0.9698, F1: 0.9711
2026-03-16 02:56:56,731 [INFO] 
--- Epoch 16/40 (LR: 0.000139) ---
2026-03-16 03:10:28,404 [INFO] Train Loss -> Total: 0.0046, BCE: 0.0046, Orth: 0.0001
2026-03-16 03:12:09,159 [INFO] Val Loss: 0.6571 | FPS: 97.73
2026-03-16 03:12:09,159 [INFO] Val Metrics -> AUC: 0.9989, Acc: 0.8645, F1: 0.8462
2026-03-16 03:12:09,159 [INFO] 
--- Epoch 17/40 (LR: 0.000131) ---
2026-03-16 03:25:40,823 [INFO] Train Loss -> Total: 0.0035, BCE: 0.0035, Orth: 0.0001
2026-03-16 03:27:21,644 [INFO] Val Loss: 0.0683 | FPS: 97.67
2026-03-16 03:27:21,644 [INFO] Val Metrics -> AUC: 0.9992, Acc: 0.9859, F1: 0.9862
2026-03-16 03:27:23,876 [INFO] *** 发现新最佳模型 (AUC: 0.9992)，已保存 ***
2026-03-16 03:27:23,877 [INFO] 
--- Epoch 18/40 (LR: 0.000124) ---
2026-03-16 03:40:55,487 [INFO] Train Loss -> Total: 0.0034, BCE: 0.0034, Orth: 0.0001
2026-03-16 03:42:36,236 [INFO] Val Loss: 0.4025 | FPS: 97.74
2026-03-16 03:42:36,236 [INFO] Val Metrics -> AUC: 0.9961, Acc: 0.9388, F1: 0.9431
2026-03-16 03:42:36,236 [INFO] 
--- Epoch 19/40 (LR: 0.000116) ---
2026-03-16 03:56:07,500 [INFO] Train Loss -> Total: 0.0023, BCE: 0.0023, Orth: 0.0001
2026-03-16 03:57:48,371 [INFO] Val Loss: 0.0799 | FPS: 97.63
2026-03-16 03:57:48,371 [INFO] Val Metrics -> AUC: 0.9992, Acc: 0.9841, F1: 0.9845
2026-03-16 03:57:48,371 [INFO] 
--- Epoch 20/40 (LR: 0.000108) ---
2026-03-16 04:11:20,020 [INFO] Train Loss -> Total: 0.0011, BCE: 0.0011, Orth: 0.0001
2026-03-16 04:13:00,819 [INFO] Val Loss: 0.0629 | FPS: 97.69
2026-03-16 04:13:00,819 [INFO] Val Metrics -> AUC: 0.9989, Acc: 0.9861, F1: 0.9862
2026-03-16 04:13:00,820 [INFO] 
--- Epoch 21/40 (LR: 0.000101) ---
2026-03-16 04:26:32,619 [INFO] Train Loss -> Total: 0.0018, BCE: 0.0018, Orth: 0.0001
2026-03-16 04:28:13,421 [INFO] Val Loss: 0.0511 | FPS: 97.70
2026-03-16 04:28:13,422 [INFO] Val Metrics -> AUC: 0.9993, Acc: 0.9882, F1: 0.9884
2026-03-16 04:28:15,655 [INFO] *** 发现新最佳模型 (AUC: 0.9993)，已保存 ***
2026-03-16 04:28:15,655 [INFO] 
--- Epoch 22/40 (LR: 0.000093) ---
2026-03-16 04:41:47,048 [INFO] Train Loss -> Total: 0.0011, BCE: 0.0011, Orth: 0.0001
2026-03-16 04:43:27,908 [INFO] Val Loss: 0.1445 | FPS: 97.64
2026-03-16 04:43:27,909 [INFO] Val Metrics -> AUC: 0.9980, Acc: 0.9761, F1: 0.9770
2026-03-16 04:43:27,909 [INFO] 
--- Epoch 23/40 (LR: 0.000085) ---
2026-03-16 04:56:59,183 [INFO] Train Loss -> Total: 0.0010, BCE: 0.0010, Orth: 0.0001
2026-03-16 04:58:39,994 [INFO] Val Loss: 0.7570 | FPS: 97.68
2026-03-16 04:58:39,994 [INFO] Val Metrics -> AUC: 0.9871, Acc: 0.9176, F1: 0.9250
2026-03-16 04:58:39,994 [INFO] 
--- Epoch 24/40 (LR: 0.000077) ---
2026-03-16 05:12:11,702 [INFO] Train Loss -> Total: 0.0005, BCE: 0.0005, Orth: 0.0000
2026-03-16 05:13:52,521 [INFO] Val Loss: 0.0554 | FPS: 97.67
2026-03-16 05:13:52,521 [INFO] Val Metrics -> AUC: 0.9993, Acc: 0.9882, F1: 0.9884
2026-03-16 05:13:52,521 [INFO] 
--- Epoch 25/40 (LR: 0.000070) ---
2026-03-16 05:27:24,174 [INFO] Train Loss -> Total: 0.0007, BCE: 0.0007, Orth: 0.0000
2026-03-16 05:29:04,999 [INFO] Val Loss: 0.0827 | FPS: 97.66
2026-03-16 05:29:04,999 [INFO] Val Metrics -> AUC: 0.9988, Acc: 0.9854, F1: 0.9857
2026-03-16 05:29:04,999 [INFO] 
--- Epoch 26/40 (LR: 0.000062) ---
2026-03-16 05:42:37,005 [INFO] Train Loss -> Total: 0.0004, BCE: 0.0004, Orth: 0.0000
2026-03-16 05:44:17,946 [INFO] Val Loss: 0.0551 | FPS: 97.55
2026-03-16 05:44:17,946 [INFO] Val Metrics -> AUC: 0.9992, Acc: 0.9891, F1: 0.9893
2026-03-16 05:44:17,946 [INFO] 
--- Epoch 27/40 (LR: 0.000055) ---
2026-03-16 05:57:49,389 [INFO] Train Loss -> Total: 0.0001, BCE: 0.0000, Orth: 0.0000
2026-03-16 05:59:30,213 [INFO] Val Loss: 0.0515 | FPS: 97.68
2026-03-16 05:59:30,213 [INFO] Val Metrics -> AUC: 0.9993, Acc: 0.9900, F1: 0.9902
2026-03-16 05:59:30,213 [INFO] 
--- Epoch 28/40 (LR: 0.000049) ---
2026-03-16 06:13:01,868 [INFO] Train Loss -> Total: 0.0000, BCE: 0.0000, Orth: 0.0000
2026-03-16 06:14:42,715 [INFO] Val Loss: 0.0523 | FPS: 97.64
2026-03-16 06:14:42,715 [INFO] Val Metrics -> AUC: 0.9993, Acc: 0.9900, F1: 0.9902
2026-03-16 06:14:44,933 [INFO] *** 发现新最佳模型 (AUC: 0.9993)，已保存 ***
2026-03-16 06:14:44,933 [INFO] 
--- Epoch 29/40 (LR: 0.000042) ---
2026-03-16 06:28:16,021 [INFO] Train Loss -> Total: 0.0000, BCE: 0.0000, Orth: 0.0000
2026-03-16 06:29:56,751 [INFO] Val Loss: 0.0540 | FPS: 97.75
2026-03-16 06:29:56,751 [INFO] Val Metrics -> AUC: 0.9993, Acc: 0.9894, F1: 0.9896
2026-03-16 06:29:56,751 [INFO] 
--- Epoch 30/40 (LR: 0.000036) ---
2026-03-16 06:43:28,124 [INFO] Train Loss -> Total: 0.0002, BCE: 0.0002, Orth: 0.0000
2026-03-16 06:45:08,933 [INFO] Val Loss: 0.2052 | FPS: 97.68
2026-03-16 06:45:08,933 [INFO] Val Metrics -> AUC: 0.9991, Acc: 0.9615, F1: 0.9607
2026-03-16 06:45:08,933 [INFO] 
--- Epoch 31/40 (LR: 0.000030) ---
2026-03-16 06:58:40,633 [INFO] Train Loss -> Total: 0.0001, BCE: 0.0001, Orth: 0.0000
2026-03-16 07:00:21,611 [INFO] Val Loss: 0.0556 | FPS: 97.52
2026-03-16 07:00:21,611 [INFO] Val Metrics -> AUC: 0.9991, Acc: 0.9901, F1: 0.9903
2026-03-16 07:00:21,611 [INFO] 
--- Epoch 32/40 (LR: 0.000025) ---
2026-03-16 07:13:54,794 [INFO] Train Loss -> Total: 0.0000, BCE: 0.0000, Orth: 0.0000
2026-03-16 07:15:36,069 [INFO] Val Loss: 0.0592 | FPS: 97.23
2026-03-16 07:15:36,070 [INFO] Val Metrics -> AUC: 0.9993, Acc: 0.9885, F1: 0.9887
2026-03-16 07:15:36,070 [INFO] 
--- Epoch 33/40 (LR: 0.000020) ---
2026-03-16 07:29:09,891 [INFO] Train Loss -> Total: 0.0000, BCE: 0.0000, Orth: 0.0000
2026-03-16 07:30:51,156 [INFO] Val Loss: 0.0562 | FPS: 97.24
2026-03-16 07:30:51,156 [INFO] Val Metrics -> AUC: 0.9993, Acc: 0.9892, F1: 0.9894
2026-03-16 07:30:53,433 [INFO] *** 发现新最佳模型 (AUC: 0.9993)，已保存 ***
2026-03-16 07:30:53,433 [INFO] 
--- Epoch 34/40 (LR: 0.000016) ---
2026-03-16 07:44:28,104 [INFO] Train Loss -> Total: 0.0000, BCE: 0.0000, Orth: 0.0000
2026-03-16 07:46:09,485 [INFO] Val Loss: 0.0551 | FPS: 97.13
2026-03-16 07:46:09,485 [INFO] Val Metrics -> AUC: 0.9993, Acc: 0.9899, F1: 0.9901
2026-03-16 07:46:09,485 [INFO] 
--- Epoch 35/40 (LR: 0.000012) ---
2026-03-16 07:59:45,318 [INFO] Train Loss -> Total: 0.0000, BCE: 0.0000, Orth: 0.0000
2026-03-16 08:01:26,682 [INFO] Val Loss: 0.0552 | FPS: 97.15
2026-03-16 08:01:26,682 [INFO] Val Metrics -> AUC: 0.9993, Acc: 0.9899, F1: 0.9901
2026-03-16 08:01:26,683 [INFO] 
--- Epoch 36/40 (LR: 0.000009) ---
2026-03-16 08:15:02,346 [INFO] Train Loss -> Total: 0.0000, BCE: 0.0000, Orth: 0.0000
2026-03-16 08:16:43,778 [INFO] Val Loss: 0.0546 | FPS: 97.09
2026-03-16 08:16:43,778 [INFO] Val Metrics -> AUC: 0.9993, Acc: 0.9899, F1: 0.9901
2026-03-16 08:16:43,779 [INFO] 
--- Epoch 37/40 (LR: 0.000006) ---
2026-03-16 08:30:19,366 [INFO] Train Loss -> Total: 0.0000, BCE: 0.0000, Orth: 0.0000
2026-03-16 08:32:00,665 [INFO] Val Loss: 0.0541 | FPS: 97.21
2026-03-16 08:32:00,666 [INFO] Val Metrics -> AUC: 0.9993, Acc: 0.9898, F1: 0.9900
2026-03-16 08:32:00,666 [INFO] 
--- Epoch 38/40 (LR: 0.000004) ---
2026-03-16 08:45:36,378 [INFO] Train Loss -> Total: 0.0000, BCE: 0.0000, Orth: 0.0000
2026-03-16 08:47:17,636 [INFO] Val Loss: 0.0542 | FPS: 97.25
2026-03-16 08:47:17,636 [INFO] Val Metrics -> AUC: 0.9993, Acc: 0.9899, F1: 0.9901
2026-03-16 08:47:17,636 [INFO] 
--- Epoch 39/40 (LR: 0.000002) ---
2026-03-16 09:00:53,430 [INFO] Train Loss -> Total: 0.0000, BCE: 0.0000, Orth: 0.0000
2026-03-16 09:02:34,691 [INFO] Val Loss: 0.0545 | FPS: 97.24
2026-03-16 09:02:34,691 [INFO] Val Metrics -> AUC: 0.9993, Acc: 0.9901, F1: 0.9903
2026-03-16 09:02:34,691 [INFO] 
--- Epoch 40/40 (LR: 0.000001) ---
2026-03-16 09:16:09,087 [INFO] Train Loss -> Total: 0.0000, BCE: 0.0000, Orth: 0.0000
2026-03-16 09:17:50,164 [INFO] Val Loss: 0.0545 | FPS: 97.42
2026-03-16 09:17:50,164 [INFO] Val Metrics -> AUC: 0.9992, Acc: 0.9900, F1: 0.9902
2026-03-16 09:17:50,164 [INFO] 
--- 训练结束。总耗时: 10:09:58 ---
2026-03-16 09:17:50,165 [INFO] 开始在测试集上评估最佳模型...
2026-03-16 09:19:32,742 [INFO] 测试集最终结果 -> AUC: 0.9993, Acc: 0.9887, F1: 0.9889
2026-03-16 09:19:32,743 [INFO] 结果文件夹已重命名为: ./results/dataset-B_AUC0.9993_ACC0.9892_03-15-230751
2026-03-16 09:19:32,743 [INFO] --- 任务全部完成 ---
