2026-03-19 13:38:47,347 [INFO] --- 开始训练任务: 03-19-133847 ---
2026-03-19 13:38:47,348 [INFO] 使用设备: cuda
2026-03-19 13:38:47,348 [INFO] 结果输出目录: ./results/LGrad_Temp_dataset-B-LGrad_03-19-133847
2026-03-19 13:38:47,348 [INFO] 配置参数: Namespace(dataset='dataset-B-LGrad', data_root='/hy-tmp/PG-MOE-Project', lr=0.0001, epochs=20, batch_size=128, num_workers=4, results_dir='./results')
2026-03-19 13:38:47,348 [INFO] 加载数据集: /hy-tmp/PG-MOE-Project/dataset-B-LGrad
2026-03-19 13:38:48,203 [INFO] 开始训练...
2026-03-19 13:38:48,203 [INFO] 
--- Epoch 1/20 (LR: 0.000100) ---
2026-03-19 13:41:16,535 [INFO] Train Loss: 0.3365
2026-03-19 13:41:26,217 [INFO] Val Loss: 0.2447 | FPS: 1008.54
2026-03-19 13:41:26,217 [INFO] Val Metrics -> AUC: 0.9644, Acc: 0.8931, F1: 0.8985
2026-03-19 13:41:26,218 [INFO] 当前 Epoch 真实显存峰值占用: 10.63 GB
2026-03-19 13:41:26,353 [INFO] *** 发现新最佳模型 (AUC: 0.9644)，已保存 ***
2026-03-19 13:41:26,353 [INFO] 
--- Epoch 2/20 (LR: 0.000099) ---
2026-03-19 13:43:54,139 [INFO] Train Loss: 0.1508
2026-03-19 13:44:03,921 [INFO] Val Loss: 0.2931 | FPS: 999.01
2026-03-19 13:44:03,922 [INFO] Val Metrics -> AUC: 0.9679, Acc: 0.8882, F1: 0.8986
2026-03-19 13:44:03,923 [INFO] 当前 Epoch 真实显存峰值占用: 10.63 GB
2026-03-19 13:44:04,088 [INFO] *** 发现新最佳模型 (AUC: 0.9679)，已保存 ***
2026-03-19 13:44:04,088 [INFO] 
--- Epoch 3/20 (LR: 0.000098) ---
2026-03-19 13:46:31,642 [INFO] Train Loss: 0.0720
2026-03-19 13:46:41,567 [INFO] Val Loss: 0.3085 | FPS: 982.50
2026-03-19 13:46:41,567 [INFO] Val Metrics -> AUC: 0.9707, Acc: 0.8956, F1: 0.9040
2026-03-19 13:46:41,567 [INFO] 当前 Epoch 真实显存峰值占用: 10.63 GB
2026-03-19 13:46:41,701 [INFO] *** 发现新最佳模型 (AUC: 0.9707)，已保存 ***
2026-03-19 13:46:41,701 [INFO] 
--- Epoch 4/20 (LR: 0.000095) ---
2026-03-19 13:49:09,262 [INFO] Train Loss: 0.0475
2026-03-19 13:49:18,997 [INFO] Val Loss: 0.3348 | FPS: 1001.74
2026-03-19 13:49:18,997 [INFO] Val Metrics -> AUC: 0.9731, Acc: 0.9000, F1: 0.9079
2026-03-19 13:49:18,997 [INFO] 当前 Epoch 真实显存峰值占用: 10.63 GB
2026-03-19 13:49:19,137 [INFO] *** 发现新最佳模型 (AUC: 0.9731)，已保存 ***
2026-03-19 13:49:19,138 [INFO] 
--- Epoch 5/20 (LR: 0.000091) ---
2026-03-19 13:51:46,751 [INFO] Train Loss: 0.0340
2026-03-19 13:51:56,540 [INFO] Val Loss: 0.2879 | FPS: 996.11
2026-03-19 13:51:56,541 [INFO] Val Metrics -> AUC: 0.9771, Acc: 0.9178, F1: 0.9219
2026-03-19 13:51:56,541 [INFO] 当前 Epoch 真实显存峰值占用: 10.63 GB
2026-03-19 13:51:56,695 [INFO] *** 发现新最佳模型 (AUC: 0.9771)，已保存 ***
2026-03-19 13:51:56,695 [INFO] 
--- Epoch 6/20 (LR: 0.000086) ---
2026-03-19 13:54:24,450 [INFO] Train Loss: 0.0282
2026-03-19 13:54:34,107 [INFO] Val Loss: 0.3997 | FPS: 1010.84
2026-03-19 13:54:34,107 [INFO] Val Metrics -> AUC: 0.9756, Acc: 0.9011, F1: 0.9095
2026-03-19 13:54:34,108 [INFO] 当前 Epoch 真实显存峰值占用: 10.63 GB
2026-03-19 13:54:34,108 [INFO] 验证集 AUC 未提升 (当前: 0.9756, 最佳: 0.9771). 已连续 1 轮未提升。
2026-03-19 13:54:34,108 [INFO] 
--- Epoch 7/20 (LR: 0.000080) ---
2026-03-19 13:57:01,689 [INFO] Train Loss: 0.0206
2026-03-19 13:57:11,440 [INFO] Val Loss: 0.2560 | FPS: 999.99
2026-03-19 13:57:11,440 [INFO] Val Metrics -> AUC: 0.9806, Acc: 0.9260, F1: 0.9280
2026-03-19 13:57:11,441 [INFO] 当前 Epoch 真实显存峰值占用: 10.63 GB
2026-03-19 13:57:11,578 [INFO] *** 发现新最佳模型 (AUC: 0.9806)，已保存 ***
2026-03-19 13:57:11,579 [INFO] 
--- Epoch 8/20 (LR: 0.000073) ---
2026-03-19 13:59:39,257 [INFO] Train Loss: 0.0169
2026-03-19 13:59:49,169 [INFO] Val Loss: 0.3953 | FPS: 985.22
2026-03-19 13:59:49,170 [INFO] Val Metrics -> AUC: 0.9741, Acc: 0.9047, F1: 0.9116
2026-03-19 13:59:49,170 [INFO] 当前 Epoch 真实显存峰值占用: 10.63 GB
2026-03-19 13:59:49,171 [INFO] 验证集 AUC 未提升 (当前: 0.9741, 最佳: 0.9806). 已连续 1 轮未提升。
2026-03-19 13:59:49,171 [INFO] 
--- Epoch 9/20 (LR: 0.000066) ---
2026-03-19 14:02:16,982 [INFO] Train Loss: 0.0119
2026-03-19 14:02:26,626 [INFO] Val Loss: 0.3624 | FPS: 1012.39
2026-03-19 14:02:26,627 [INFO] Val Metrics -> AUC: 0.9818, Acc: 0.9166, F1: 0.9227
2026-03-19 14:02:26,627 [INFO] 当前 Epoch 真实显存峰值占用: 10.63 GB
2026-03-19 14:02:26,781 [INFO] *** 发现新最佳模型 (AUC: 0.9818)，已保存 ***
2026-03-19 14:02:26,782 [INFO] 
--- Epoch 10/20 (LR: 0.000058) ---
2026-03-19 14:04:54,481 [INFO] Train Loss: 0.0068
2026-03-19 14:05:03,965 [INFO] Val Loss: 0.3995 | FPS: 1028.11
2026-03-19 14:05:03,965 [INFO] Val Metrics -> AUC: 0.9800, Acc: 0.9114, F1: 0.9180
2026-03-19 14:05:03,965 [INFO] 当前 Epoch 真实显存峰值占用: 10.63 GB
2026-03-19 14:05:03,966 [INFO] 验证集 AUC 未提升 (当前: 0.9800, 最佳: 0.9818). 已连续 1 轮未提升。
2026-03-19 14:05:03,966 [INFO] 
--- Epoch 11/20 (LR: 0.000051) ---
2026-03-19 14:07:31,634 [INFO] Train Loss: 0.0070
2026-03-19 14:07:41,301 [INFO] Val Loss: 0.2910 | FPS: 1008.68
2026-03-19 14:07:41,302 [INFO] Val Metrics -> AUC: 0.9830, Acc: 0.9329, F1: 0.9338
2026-03-19 14:07:41,302 [INFO] 当前 Epoch 真实显存峰值占用: 10.63 GB
2026-03-19 14:07:41,435 [INFO] *** 发现新最佳模型 (AUC: 0.9830)，已保存 ***
2026-03-19 14:07:41,435 [INFO] 
--- Epoch 12/20 (LR: 0.000043) ---
2026-03-19 14:10:09,062 [INFO] Train Loss: 0.0037
2026-03-19 14:10:18,526 [INFO] Val Loss: 0.2780 | FPS: 1031.68
2026-03-19 14:10:18,526 [INFO] Val Metrics -> AUC: 0.9855, Acc: 0.9361, F1: 0.9387
2026-03-19 14:10:18,527 [INFO] 当前 Epoch 真实显存峰值占用: 10.63 GB
2026-03-19 14:10:18,678 [INFO] *** 发现新最佳模型 (AUC: 0.9855)，已保存 ***
2026-03-19 14:10:18,678 [INFO] 
--- Epoch 13/20 (LR: 0.000035) ---
2026-03-19 14:12:46,312 [INFO] Train Loss: 0.0025
2026-03-19 14:12:55,953 [INFO] Val Loss: 0.2856 | FPS: 1012.95
2026-03-19 14:12:55,953 [INFO] Val Metrics -> AUC: 0.9858, Acc: 0.9373, F1: 0.9396
2026-03-19 14:12:55,954 [INFO] 当前 Epoch 真实显存峰值占用: 10.63 GB
2026-03-19 14:12:56,105 [INFO] *** 发现新最佳模型 (AUC: 0.9858)，已保存 ***
2026-03-19 14:12:56,105 [INFO] 
--- Epoch 14/20 (LR: 0.000028) ---
2026-03-19 14:15:23,781 [INFO] Train Loss: 0.0009
2026-03-19 14:15:33,339 [INFO] Val Loss: 0.2894 | FPS: 1020.14
2026-03-19 14:15:33,339 [INFO] Val Metrics -> AUC: 0.9859, Acc: 0.9380, F1: 0.9404
2026-03-19 14:15:33,340 [INFO] 当前 Epoch 真实显存峰值占用: 10.63 GB
2026-03-19 14:15:33,474 [INFO] *** 发现新最佳模型 (AUC: 0.9859)，已保存 ***
2026-03-19 14:15:33,475 [INFO] 
--- Epoch 15/20 (LR: 0.000021) ---
2026-03-19 14:18:01,096 [INFO] Train Loss: 0.0003
2026-03-19 14:18:10,669 [INFO] Val Loss: 0.2794 | FPS: 1018.52
2026-03-19 14:18:10,669 [INFO] Val Metrics -> AUC: 0.9869, Acc: 0.9393, F1: 0.9409
2026-03-19 14:18:10,670 [INFO] 当前 Epoch 真实显存峰值占用: 10.63 GB
2026-03-19 14:18:10,807 [INFO] *** 发现新最佳模型 (AUC: 0.9869)，已保存 ***
2026-03-19 14:18:10,808 [INFO] 
--- Epoch 16/20 (LR: 0.000015) ---
2026-03-19 14:20:38,652 [INFO] Train Loss: 0.0003
2026-03-19 14:20:48,257 [INFO] Val Loss: 0.2720 | FPS: 1017.20
2026-03-19 14:20:48,257 [INFO] Val Metrics -> AUC: 0.9871, Acc: 0.9412, F1: 0.9429
2026-03-19 14:20:48,258 [INFO] 当前 Epoch 真实显存峰值占用: 10.63 GB
2026-03-19 14:20:48,412 [INFO] *** 发现新最佳模型 (AUC: 0.9871)，已保存 ***
2026-03-19 14:20:48,412 [INFO] 
--- Epoch 17/20 (LR: 0.000010) ---
2026-03-19 14:23:16,127 [INFO] Train Loss: 0.0001
2026-03-19 14:23:25,942 [INFO] Val Loss: 0.3030 | FPS: 993.37
2026-03-19 14:23:25,942 [INFO] Val Metrics -> AUC: 0.9868, Acc: 0.9387, F1: 0.9414
2026-03-19 14:23:25,942 [INFO] 当前 Epoch 真实显存峰值占用: 10.63 GB
2026-03-19 14:23:25,942 [INFO] 验证集 AUC 未提升 (当前: 0.9868, 最佳: 0.9871). 已连续 1 轮未提升。
2026-03-19 14:23:25,942 [INFO] 
--- Epoch 18/20 (LR: 0.000006) ---
2026-03-19 14:25:53,651 [INFO] Train Loss: 0.0003
2026-03-19 14:26:03,445 [INFO] Val Loss: 0.2733 | FPS: 996.60
2026-03-19 14:26:03,445 [INFO] Val Metrics -> AUC: 0.9873, Acc: 0.9412, F1: 0.9427
2026-03-19 14:26:03,446 [INFO] 当前 Epoch 真实显存峰值占用: 10.63 GB
2026-03-19 14:26:03,604 [INFO] *** 发现新最佳模型 (AUC: 0.9873)，已保存 ***
2026-03-19 14:26:03,604 [INFO] 
--- Epoch 19/20 (LR: 0.000003) ---
2026-03-19 14:28:31,387 [INFO] Train Loss: 0.0001
2026-03-19 14:28:41,011 [INFO] Val Loss: 0.2734 | FPS: 1014.42
2026-03-19 14:28:41,011 [INFO] Val Metrics -> AUC: 0.9877, Acc: 0.9414, F1: 0.9427
2026-03-19 14:28:41,012 [INFO] 当前 Epoch 真实显存峰值占用: 10.63 GB
2026-03-19 14:28:41,165 [INFO] *** 发现新最佳模型 (AUC: 0.9877)，已保存 ***
2026-03-19 14:28:41,165 [INFO] 
--- Epoch 20/20 (LR: 0.000002) ---
2026-03-19 14:31:08,860 [INFO] Train Loss: 0.0001
2026-03-19 14:31:18,613 [INFO] Val Loss: 0.2758 | FPS: 999.79
2026-03-19 14:31:18,613 [INFO] Val Metrics -> AUC: 0.9874, Acc: 0.9406, F1: 0.9423
2026-03-19 14:31:18,614 [INFO] 当前 Epoch 真实显存峰值占用: 10.63 GB
2026-03-19 14:31:18,614 [INFO] 验证集 AUC 未提升 (当前: 0.9874, 最佳: 0.9877). 已连续 1 轮未提升。
2026-03-19 14:31:18,614 [INFO] 
--- 训练结束。总耗时: 0:52:31 ---
2026-03-19 14:31:18,614 [INFO] 开始在测试集上评估最佳模型...
2026-03-19 14:31:28,757 [INFO] 测试集最终结果 -> AUC: 0.9864, Acc: 0.9417, F1: 0.9429
2026-03-19 14:31:28,758 [INFO] 结果文件夹已重命名为: ./results/LGrad_dataset-B-LGrad_AUC0.9877_ACC0.9414_03-19-133847
2026-03-19 14:31:28,758 [INFO] --- 任务全部完成 ---
