2026-03-19 18:56:07,487 [INFO] --- 开始训练任务: 03-19-185607 ---
2026-03-19 18:56:07,487 [INFO] 使用设备: cuda
2026-03-19 18:56:07,487 [INFO] 结果输出目录: ./results/DCT_Temp_dataset-B-DCT_03-19-185607
2026-03-19 18:56:07,487 [INFO] 配置参数: Namespace(dataset='dataset-B-DCT', data_root='/hy-tmp/PG-MOE-Project', lr=0.0001, epochs=40, batch_size=128, num_workers=4, results_dir='./results')
2026-03-19 18:56:07,487 [INFO] 加载数据集: /hy-tmp/PG-MOE-Project/dataset-B-DCT
2026-03-19 18:56:07,991 [INFO] 开始训练...
2026-03-19 18:56:07,991 [INFO] 
--- Epoch 1/40 (LR: 0.000100) ---
2026-03-19 18:57:12,113 [INFO] Train Loss: 0.5414
2026-03-19 18:57:18,196 [INFO] Val Loss: 0.5352 | FPS: 1622.32
2026-03-19 18:57:18,196 [INFO] Val Metrics -> AUC: 0.8777, Acc: 0.7503, F1: 0.6978
2026-03-19 18:57:18,196 [INFO] 当前 Epoch 真实显存峰值占用: 3.60 GB
2026-03-19 18:57:18,255 [INFO] *** 发现新最佳模型 (AUC: 0.8777)，已保存 ***
2026-03-19 18:57:18,255 [INFO] 
--- Epoch 2/40 (LR: 0.000100) ---
2026-03-19 18:59:31,958 [INFO] Train Loss: 0.3936
2026-03-19 18:59:38,080 [INFO] Val Loss: 0.4635 | FPS: 1611.91
2026-03-19 18:59:38,080 [INFO] Val Metrics -> AUC: 0.8816, Acc: 0.7751, F1: 0.7508
2026-03-19 18:59:38,081 [INFO] 当前 Epoch 真实显存峰值占用: 3.60 GB
2026-03-19 18:59:38,150 [INFO] *** 发现新最佳模型 (AUC: 0.8816)，已保存 ***
2026-03-19 18:59:38,150 [INFO] 
--- Epoch 3/40 (LR: 0.000099) ---
2026-03-19 19:01:52,158 [INFO] Train Loss: 0.3073
2026-03-19 19:01:58,301 [INFO] Val Loss: 0.3930 | FPS: 1606.21
2026-03-19 19:01:58,301 [INFO] Val Metrics -> AUC: 0.9061, Acc: 0.8239, F1: 0.8265
2026-03-19 19:01:58,302 [INFO] 当前 Epoch 真实显存峰值占用: 3.60 GB
2026-03-19 19:01:58,367 [INFO] *** 发现新最佳模型 (AUC: 0.9061)，已保存 ***
2026-03-19 19:01:58,368 [INFO] 
--- Epoch 4/40 (LR: 0.000099) ---
2026-03-19 19:04:12,564 [INFO] Train Loss: 0.2139
2026-03-19 19:04:18,676 [INFO] Val Loss: 0.4284 | FPS: 1614.52
2026-03-19 19:04:18,676 [INFO] Val Metrics -> AUC: 0.9086, Acc: 0.8278, F1: 0.8343
2026-03-19 19:04:18,677 [INFO] 当前 Epoch 真实显存峰值占用: 3.60 GB
2026-03-19 19:04:18,745 [INFO] *** 发现新最佳模型 (AUC: 0.9086)，已保存 ***
2026-03-19 19:04:18,745 [INFO] 
--- Epoch 5/40 (LR: 0.000098) ---
2026-03-19 19:06:32,837 [INFO] Train Loss: 0.1140
2026-03-19 19:06:38,982 [INFO] Val Loss: 0.5469 | FPS: 1605.63
2026-03-19 19:06:38,983 [INFO] Val Metrics -> AUC: 0.9051, Acc: 0.8178, F1: 0.8064
2026-03-19 19:06:38,983 [INFO] 当前 Epoch 真实显存峰值占用: 3.60 GB
2026-03-19 19:06:38,983 [INFO] 验证集 AUC 未提升. 已连续 1 轮未提升。
2026-03-19 19:06:38,983 [INFO] 
--- Epoch 6/40 (LR: 0.000096) ---
2026-03-19 19:08:53,305 [INFO] Train Loss: 0.0635
2026-03-19 19:08:59,498 [INFO] Val Loss: 0.7265 | FPS: 1593.36
2026-03-19 19:08:59,498 [INFO] Val Metrics -> AUC: 0.8921, Acc: 0.8084, F1: 0.8157
2026-03-19 19:08:59,498 [INFO] 当前 Epoch 真实显存峰值占用: 3.60 GB
2026-03-19 19:08:59,498 [INFO] 验证集 AUC 未提升. 已连续 2 轮未提升。
2026-03-19 19:08:59,498 [INFO] 
--- Epoch 7/40 (LR: 0.000095) ---
2026-03-19 19:11:13,851 [INFO] Train Loss: 0.0417
2026-03-19 19:11:20,020 [INFO] Val Loss: 0.7090 | FPS: 1599.51
2026-03-19 19:11:20,020 [INFO] Val Metrics -> AUC: 0.9003, Acc: 0.8156, F1: 0.8261
2026-03-19 19:11:20,020 [INFO] 当前 Epoch 真实显存峰值占用: 3.60 GB
2026-03-19 19:11:20,021 [INFO] 验证集 AUC 未提升. 已连续 3 轮未提升。
2026-03-19 19:11:20,021 [INFO] 
--- Epoch 8/40 (LR: 0.000093) ---
2026-03-19 19:13:34,345 [INFO] Train Loss: 0.0369
2026-03-19 19:13:40,564 [INFO] Val Loss: 0.7226 | FPS: 1586.64
2026-03-19 19:13:40,564 [INFO] Val Metrics -> AUC: 0.9004, Acc: 0.8223, F1: 0.8267
2026-03-19 19:13:40,564 [INFO] 当前 Epoch 真实显存峰值占用: 3.60 GB
2026-03-19 19:13:40,564 [INFO] 验证集 AUC 未提升. 已连续 4 轮未提升。
2026-03-19 19:13:40,564 [INFO] 
--- Epoch 9/40 (LR: 0.000091) ---
2026-03-19 19:15:54,937 [INFO] Train Loss: 0.0300
2026-03-19 19:16:01,044 [INFO] Val Loss: 1.0029 | FPS: 1615.67
2026-03-19 19:16:01,044 [INFO] Val Metrics -> AUC: 0.8871, Acc: 0.7826, F1: 0.8073
2026-03-19 19:16:01,044 [INFO] 当前 Epoch 真实显存峰值占用: 3.60 GB
2026-03-19 19:16:01,044 [INFO] 验证集 AUC 未提升. 已连续 5 轮未提升。
2026-03-19 19:16:01,044 [INFO] 
--- Epoch 10/40 (LR: 0.000088) ---
2026-03-19 19:18:15,263 [INFO] Train Loss: 0.0225
2026-03-19 19:18:21,429 [INFO] Val Loss: 0.8380 | FPS: 1600.34
2026-03-19 19:18:21,429 [INFO] Val Metrics -> AUC: 0.8935, Acc: 0.8095, F1: 0.8134
2026-03-19 19:18:21,429 [INFO] 当前 Epoch 真实显存峰值占用: 3.60 GB
2026-03-19 19:18:21,429 [INFO] 验证集 AUC 未提升. 已连续 6 轮未提升。
2026-03-19 19:18:21,429 [INFO] 
--- Epoch 11/40 (LR: 0.000086) ---
2026-03-19 19:20:35,624 [INFO] Train Loss: 0.0237
2026-03-19 19:20:41,853 [INFO] Val Loss: 0.8525 | FPS: 1583.91
2026-03-19 19:20:41,853 [INFO] Val Metrics -> AUC: 0.9041, Acc: 0.8147, F1: 0.8033
2026-03-19 19:20:41,854 [INFO] 当前 Epoch 真实显存峰值占用: 3.60 GB
2026-03-19 19:20:41,854 [INFO] 验证集 AUC 未提升. 已连续 7 轮未提升。
2026-03-19 19:20:41,854 [INFO] 
--- Epoch 12/40 (LR: 0.000083) ---
2026-03-19 19:22:56,063 [INFO] Train Loss: 0.0226
2026-03-19 19:23:02,231 [INFO] Val Loss: 0.9387 | FPS: 1600.07
2026-03-19 19:23:02,231 [INFO] Val Metrics -> AUC: 0.8889, Acc: 0.8021, F1: 0.8067
2026-03-19 19:23:02,232 [INFO] 当前 Epoch 真实显存峰值占用: 3.60 GB
2026-03-19 19:23:02,232 [INFO] 验证集 AUC 未提升. 已连续 8 轮未提升。
2026-03-19 19:23:02,232 [INFO] 
--- Epoch 13/40 (LR: 0.000080) ---
2026-03-19 19:25:16,514 [INFO] Train Loss: 0.0192
2026-03-19 19:25:22,785 [INFO] Val Loss: 0.8868 | FPS: 1573.44
2026-03-19 19:25:22,785 [INFO] Val Metrics -> AUC: 0.9033, Acc: 0.8154, F1: 0.8277
2026-03-19 19:25:22,786 [INFO] 当前 Epoch 真实显存峰值占用: 3.60 GB
2026-03-19 19:25:22,786 [INFO] 验证集 AUC 未提升. 已连续 9 轮未提升。
2026-03-19 19:25:22,786 [INFO] 
--- Epoch 14/40 (LR: 0.000076) ---
2026-03-19 19:27:36,962 [INFO] Train Loss: 0.0163
2026-03-19 19:27:43,132 [INFO] Val Loss: 0.9411 | FPS: 1599.09
2026-03-19 19:27:43,133 [INFO] Val Metrics -> AUC: 0.8994, Acc: 0.8187, F1: 0.8249
2026-03-19 19:27:43,133 [INFO] 当前 Epoch 真实显存峰值占用: 3.60 GB
2026-03-19 19:27:43,133 [INFO] 验证集 AUC 未提升. 已连续 10 轮未提升。
2026-03-19 19:27:43,133 [INFO] 
--- Epoch 15/40 (LR: 0.000073) ---
2026-03-19 19:29:57,499 [INFO] Train Loss: 0.0139
2026-03-19 19:30:03,729 [INFO] Val Loss: 1.0460 | FPS: 1583.81
2026-03-19 19:30:03,729 [INFO] Val Metrics -> AUC: 0.9026, Acc: 0.8042, F1: 0.8225
2026-03-19 19:30:03,730 [INFO] 当前 Epoch 真实显存峰值占用: 3.60 GB
2026-03-19 19:30:03,730 [INFO] 验证集 AUC 未提升. 已连续 11 轮未提升。
2026-03-19 19:30:03,730 [INFO] 
--- Epoch 16/40 (LR: 0.000069) ---
2026-03-19 19:32:17,850 [INFO] Train Loss: 0.0123
2026-03-19 19:32:24,095 [INFO] Val Loss: 0.9923 | FPS: 1580.36
2026-03-19 19:32:24,095 [INFO] Val Metrics -> AUC: 0.9047, Acc: 0.8099, F1: 0.8265
2026-03-19 19:32:24,095 [INFO] 当前 Epoch 真实显存峰值占用: 3.60 GB
2026-03-19 19:32:24,095 [INFO] 验证集 AUC 未提升. 已连续 12 轮未提升。
2026-03-19 19:32:24,095 [INFO] 
--- Epoch 17/40 (LR: 0.000066) ---
2026-03-19 19:34:38,276 [INFO] Train Loss: 0.0111
2026-03-19 19:34:44,511 [INFO] Val Loss: 1.0560 | FPS: 1585.20
2026-03-19 19:34:44,512 [INFO] Val Metrics -> AUC: 0.8988, Acc: 0.8144, F1: 0.8068
2026-03-19 19:34:44,512 [INFO] 当前 Epoch 真实显存峰值占用: 3.60 GB
2026-03-19 19:34:44,512 [INFO] 验证集 AUC 未提升. 已连续 13 轮未提升。
2026-03-19 19:34:44,512 [INFO] 
--- Epoch 18/40 (LR: 0.000062) ---
2026-03-19 19:36:58,802 [INFO] Train Loss: 0.0099
2026-03-19 19:37:05,053 [INFO] Val Loss: 1.0473 | FPS: 1578.43
2026-03-19 19:37:05,053 [INFO] Val Metrics -> AUC: 0.9093, Acc: 0.8214, F1: 0.8336
2026-03-19 19:37:05,053 [INFO] 当前 Epoch 真实显存峰值占用: 3.60 GB
2026-03-19 19:37:05,120 [INFO] *** 发现新最佳模型 (AUC: 0.9093)，已保存 ***
2026-03-19 19:37:05,120 [INFO] 
--- Epoch 19/40 (LR: 0.000058) ---
2026-03-19 19:39:19,393 [INFO] Train Loss: 0.0076
2026-03-19 19:39:25,602 [INFO] Val Loss: 1.0008 | FPS: 1592.14
2026-03-19 19:39:25,603 [INFO] Val Metrics -> AUC: 0.9049, Acc: 0.8202, F1: 0.8168
2026-03-19 19:39:25,603 [INFO] 当前 Epoch 真实显存峰值占用: 3.60 GB
2026-03-19 19:39:25,603 [INFO] 验证集 AUC 未提升. 已连续 1 轮未提升。
2026-03-19 19:39:25,603 [INFO] 
--- Epoch 20/40 (LR: 0.000054) ---
2026-03-19 19:41:39,747 [INFO] Train Loss: 0.0067
2026-03-19 19:41:45,950 [INFO] Val Loss: 1.1763 | FPS: 1590.36
2026-03-19 19:41:45,951 [INFO] Val Metrics -> AUC: 0.9022, Acc: 0.8057, F1: 0.8249
2026-03-19 19:41:45,951 [INFO] 当前 Epoch 真实显存峰值占用: 3.60 GB
2026-03-19 19:41:45,951 [INFO] 验证集 AUC 未提升. 已连续 2 轮未提升。
2026-03-19 19:41:45,951 [INFO] 
--- Epoch 21/40 (LR: 0.000050) ---
2026-03-19 19:44:00,133 [INFO] Train Loss: 0.0062
2026-03-19 19:44:06,304 [INFO] Val Loss: 1.0553 | FPS: 1598.99
2026-03-19 19:44:06,304 [INFO] Val Metrics -> AUC: 0.9045, Acc: 0.8244, F1: 0.8305
2026-03-19 19:44:06,305 [INFO] 当前 Epoch 真实显存峰值占用: 3.60 GB
2026-03-19 19:44:06,305 [INFO] 验证集 AUC 未提升. 已连续 3 轮未提升。
2026-03-19 19:44:06,305 [INFO] 
--- Epoch 22/40 (LR: 0.000047) ---
2026-03-19 19:46:20,471 [INFO] Train Loss: 0.0042
2026-03-19 19:46:26,641 [INFO] Val Loss: 1.0696 | FPS: 1601.93
2026-03-19 19:46:26,641 [INFO] Val Metrics -> AUC: 0.9090, Acc: 0.8241, F1: 0.8200
2026-03-19 19:46:26,642 [INFO] 当前 Epoch 真实显存峰值占用: 3.60 GB
2026-03-19 19:46:26,642 [INFO] 验证集 AUC 未提升. 已连续 4 轮未提升。
2026-03-19 19:46:26,642 [INFO] 
--- Epoch 23/40 (LR: 0.000043) ---
2026-03-19 19:48:40,885 [INFO] Train Loss: 0.0025
2026-03-19 19:48:47,103 [INFO] Val Loss: 1.0803 | FPS: 1586.84
2026-03-19 19:48:47,103 [INFO] Val Metrics -> AUC: 0.9022, Acc: 0.8207, F1: 0.8246
2026-03-19 19:48:47,103 [INFO] 当前 Epoch 真实显存峰值占用: 3.60 GB
2026-03-19 19:48:47,103 [INFO] 验证集 AUC 未提升. 已连续 5 轮未提升。
2026-03-19 19:48:47,103 [INFO] 
--- Epoch 24/40 (LR: 0.000039) ---
2026-03-19 19:50:06,386 [INFO] Train Loss: 0.0022
2026-03-19 19:50:09,510 [INFO] Val Loss: 1.0660 | FPS: 3165.88
2026-03-19 19:50:09,510 [INFO] Val Metrics -> AUC: 0.9082, Acc: 0.8275, F1: 0.8324
2026-03-19 19:50:09,511 [INFO] 当前 Epoch 真实显存峰值占用: 3.60 GB
2026-03-19 19:50:09,511 [INFO] 验证集 AUC 未提升. 已连续 6 轮未提升。
2026-03-19 19:50:09,511 [INFO] 
--- Epoch 25/40 (LR: 0.000035) ---
2026-03-19 19:51:13,630 [INFO] Train Loss: 0.0027
2026-03-19 19:51:16,787 [INFO] Val Loss: 1.0995 | FPS: 3131.99
2026-03-19 19:51:16,787 [INFO] Val Metrics -> AUC: 0.9094, Acc: 0.8253, F1: 0.8352
2026-03-19 19:51:16,788 [INFO] 当前 Epoch 真实显存峰值占用: 3.60 GB
2026-03-19 19:51:16,850 [INFO] *** 发现新最佳模型 (AUC: 0.9094)，已保存 ***
2026-03-19 19:51:16,850 [INFO] 
--- Epoch 26/40 (LR: 0.000032) ---
2026-03-19 19:52:20,944 [INFO] Train Loss: 0.0025
2026-03-19 19:52:24,058 [INFO] Val Loss: 1.1696 | FPS: 3177.26
2026-03-19 19:52:24,058 [INFO] Val Metrics -> AUC: 0.9083, Acc: 0.8255, F1: 0.8212
2026-03-19 19:52:24,058 [INFO] 当前 Epoch 真实显存峰值占用: 3.60 GB
2026-03-19 19:52:24,058 [INFO] 验证集 AUC 未提升. 已连续 1 轮未提升。
2026-03-19 19:52:24,058 [INFO] 
--- Epoch 27/40 (LR: 0.000028) ---
2026-03-19 19:53:28,218 [INFO] Train Loss: 0.0011
2026-03-19 19:53:31,232 [INFO] Val Loss: 1.1035 | FPS: 3280.39
2026-03-19 19:53:31,232 [INFO] Val Metrics -> AUC: 0.9097, Acc: 0.8280, F1: 0.8314
2026-03-19 19:53:31,232 [INFO] 当前 Epoch 真实显存峰值占用: 3.60 GB
2026-03-19 19:53:31,296 [INFO] *** 发现新最佳模型 (AUC: 0.9097)，已保存 ***
2026-03-19 19:53:31,296 [INFO] 
--- Epoch 28/40 (LR: 0.000025) ---
2026-03-19 19:54:35,481 [INFO] Train Loss: 0.0006
2026-03-19 19:54:38,602 [INFO] Val Loss: 1.0899 | FPS: 3167.89
2026-03-19 19:54:38,602 [INFO] Val Metrics -> AUC: 0.9112, Acc: 0.8300, F1: 0.8327
2026-03-19 19:54:38,603 [INFO] 当前 Epoch 真实显存峰值占用: 3.60 GB
2026-03-19 19:54:38,667 [INFO] *** 发现新最佳模型 (AUC: 0.9112)，已保存 ***
2026-03-19 19:54:38,667 [INFO] 
--- Epoch 29/40 (LR: 0.000021) ---
2026-03-19 19:55:42,887 [INFO] Train Loss: 0.0005
2026-03-19 19:55:46,066 [INFO] Val Loss: 1.0850 | FPS: 3109.72
2026-03-19 19:55:46,066 [INFO] Val Metrics -> AUC: 0.9118, Acc: 0.8323, F1: 0.8335
2026-03-19 19:55:46,067 [INFO] 当前 Epoch 真实显存峰值占用: 3.60 GB
2026-03-19 19:55:46,130 [INFO] *** 发现新最佳模型 (AUC: 0.9118)，已保存 ***
2026-03-19 19:55:46,130 [INFO] 
--- Epoch 30/40 (LR: 0.000018) ---
2026-03-19 19:56:50,307 [INFO] Train Loss: 0.0002
2026-03-19 19:56:53,490 [INFO] Val Loss: 1.0996 | FPS: 3118.91
2026-03-19 19:56:53,490 [INFO] Val Metrics -> AUC: 0.9126, Acc: 0.8318, F1: 0.8359
2026-03-19 19:56:53,491 [INFO] 当前 Epoch 真实显存峰值占用: 3.60 GB
2026-03-19 19:56:53,570 [INFO] *** 发现新最佳模型 (AUC: 0.9126)，已保存 ***
2026-03-19 19:56:53,570 [INFO] 
--- Epoch 31/40 (LR: 0.000015) ---
2026-03-19 19:57:57,765 [INFO] Train Loss: 0.0002
2026-03-19 19:58:00,933 [INFO] Val Loss: 1.1126 | FPS: 3121.31
2026-03-19 19:58:00,933 [INFO] Val Metrics -> AUC: 0.9125, Acc: 0.8308, F1: 0.8365
2026-03-19 19:58:00,933 [INFO] 当前 Epoch 真实显存峰值占用: 3.60 GB
2026-03-19 19:58:00,933 [INFO] 验证集 AUC 未提升. 已连续 1 轮未提升。
2026-03-19 19:58:00,934 [INFO] 
--- Epoch 32/40 (LR: 0.000013) ---
2026-03-19 19:59:05,139 [INFO] Train Loss: 0.0001
2026-03-19 19:59:08,223 [INFO] Val Loss: 1.1128 | FPS: 3206.87
2026-03-19 19:59:08,223 [INFO] Val Metrics -> AUC: 0.9130, Acc: 0.8319, F1: 0.8372
2026-03-19 19:59:08,223 [INFO] 当前 Epoch 真实显存峰值占用: 3.60 GB
2026-03-19 19:59:08,287 [INFO] *** 发现新最佳模型 (AUC: 0.9130)，已保存 ***
2026-03-19 19:59:08,287 [INFO] 
--- Epoch 33/40 (LR: 0.000010) ---
2026-03-19 20:00:12,488 [INFO] Train Loss: 0.0001
2026-03-19 20:00:15,581 [INFO] Val Loss: 1.1313 | FPS: 3197.03
2026-03-19 20:00:15,582 [INFO] Val Metrics -> AUC: 0.9123, Acc: 0.8313, F1: 0.8369
2026-03-19 20:00:15,582 [INFO] 当前 Epoch 真实显存峰值占用: 3.60 GB
2026-03-19 20:00:15,582 [INFO] 验证集 AUC 未提升. 已连续 1 轮未提升。
2026-03-19 20:00:15,582 [INFO] 
--- Epoch 34/40 (LR: 0.000008) ---
2026-03-19 20:01:19,711 [INFO] Train Loss: 0.0001
2026-03-19 20:01:22,853 [INFO] Val Loss: 1.1204 | FPS: 3146.47
2026-03-19 20:01:22,854 [INFO] Val Metrics -> AUC: 0.9130, Acc: 0.8320, F1: 0.8364
2026-03-19 20:01:22,854 [INFO] 当前 Epoch 真实显存峰值占用: 3.60 GB
2026-03-19 20:01:22,918 [INFO] *** 发现新最佳模型 (AUC: 0.9130)，已保存 ***
2026-03-19 20:01:22,918 [INFO] 
--- Epoch 35/40 (LR: 0.000006) ---
2026-03-19 20:02:27,163 [INFO] Train Loss: 0.0001
2026-03-19 20:02:30,303 [INFO] Val Loss: 1.1232 | FPS: 3149.38
2026-03-19 20:02:30,303 [INFO] Val Metrics -> AUC: 0.9138, Acc: 0.8329, F1: 0.8365
2026-03-19 20:02:30,303 [INFO] 当前 Epoch 真实显存峰值占用: 3.60 GB
2026-03-19 20:02:30,368 [INFO] *** 发现新最佳模型 (AUC: 0.9138)，已保存 ***
2026-03-19 20:02:30,368 [INFO] 
--- Epoch 36/40 (LR: 0.000005) ---
2026-03-19 20:03:34,550 [INFO] Train Loss: 0.0001
2026-03-19 20:03:37,606 [INFO] Val Loss: 1.1338 | FPS: 3235.67
2026-03-19 20:03:37,606 [INFO] Val Metrics -> AUC: 0.9132, Acc: 0.8317, F1: 0.8338
2026-03-19 20:03:37,606 [INFO] 当前 Epoch 真实显存峰值占用: 3.60 GB
2026-03-19 20:03:37,606 [INFO] 验证集 AUC 未提升. 已连续 1 轮未提升。
2026-03-19 20:03:37,607 [INFO] 
--- Epoch 37/40 (LR: 0.000003) ---
2026-03-19 20:04:41,796 [INFO] Train Loss: 0.0000
2026-03-19 20:04:44,899 [INFO] Val Loss: 1.1325 | FPS: 3187.01
2026-03-19 20:04:44,899 [INFO] Val Metrics -> AUC: 0.9133, Acc: 0.8326, F1: 0.8376
2026-03-19 20:04:44,899 [INFO] 当前 Epoch 真实显存峰值占用: 3.60 GB
2026-03-19 20:04:44,899 [INFO] 验证集 AUC 未提升. 已连续 2 轮未提升。
2026-03-19 20:04:44,899 [INFO] 
--- Epoch 38/40 (LR: 0.000002) ---
2026-03-19 20:05:49,083 [INFO] Train Loss: 0.0000
2026-03-19 20:05:52,268 [INFO] Val Loss: 1.1340 | FPS: 3104.78
2026-03-19 20:05:52,268 [INFO] Val Metrics -> AUC: 0.9128, Acc: 0.8319, F1: 0.8365
2026-03-19 20:05:52,269 [INFO] 当前 Epoch 真实显存峰值占用: 3.60 GB
2026-03-19 20:05:52,269 [INFO] 验证集 AUC 未提升. 已连续 3 轮未提升。
2026-03-19 20:05:52,269 [INFO] 
--- Epoch 39/40 (LR: 0.000002) ---
2026-03-19 20:06:56,572 [INFO] Train Loss: 0.0000
2026-03-19 20:06:59,656 [INFO] Val Loss: 1.1321 | FPS: 3206.46
2026-03-19 20:06:59,656 [INFO] Val Metrics -> AUC: 0.9134, Acc: 0.8317, F1: 0.8357
2026-03-19 20:06:59,657 [INFO] 当前 Epoch 真实显存峰值占用: 3.60 GB
2026-03-19 20:06:59,657 [INFO] 验证集 AUC 未提升. 已连续 4 轮未提升。
2026-03-19 20:06:59,657 [INFO] 
--- Epoch 40/40 (LR: 0.000001) ---
2026-03-19 20:08:03,856 [INFO] Train Loss: 0.0000
2026-03-19 20:08:06,914 [INFO] Val Loss: 1.1502 | FPS: 3233.85
2026-03-19 20:08:06,914 [INFO] Val Metrics -> AUC: 0.9133, Acc: 0.8331, F1: 0.8369
2026-03-19 20:08:06,914 [INFO] 当前 Epoch 真实显存峰值占用: 3.60 GB
2026-03-19 20:08:06,915 [INFO] 验证集 AUC 未提升. 已连续 5 轮未提升。
2026-03-19 20:08:06,915 [INFO] 
--- 训练结束。总耗时: 1:11:59 ---
2026-03-19 20:08:06,915 [INFO] 开始在测试集上评估最佳模型...
2026-03-19 20:08:10,091 [INFO] 测试集最终结果 -> AUC: 0.9164, Acc: 0.8433, F1: 0.8464
2026-03-19 20:08:10,091 [INFO] 结果文件夹已重命名为: ./results/DCT_dataset-B-DCT_AUC0.9138_ACC0.8329_03-19-185607
